TN:
SF:C:\Repo\Github\pointfree-js\src\combinators.js
FN:7,all
FN:8,_all
FN:9,_testAll
FN:21,any
FN:22,_any
FN:23,_testAny
FN:38,_c
FN:43,(anonymous_7)
FN:53,compose
FN:67,(anonymous_9)
FN:69,(anonymous_10)
FN:69,(anonymous_11)
FN:71,_n
FN:72,_n_
FN:85,constant
FN:86,_constant
FN:97,curry
FN:113,curryN
FN:115,_curryN
FN:131,curryRight
FN:132,_wrapper
FN:151,fixedPoint
FN:152,_fixedPoint
FN:153,_y_
FN:168,(anonymous_24)
FN:169,(anonymous_25)
FN:178,(anonymous_26)
FN:194,(anonymous_27)
FN:206,(anonymous_28)
FN:225,(anonymous_29)
FN:235,(anonymous_30)
FN:254,pipe
FN:255,_pipe
FN:256,pipeReduce
FN:270,(anonymous_34)
FN:282,_reduce
FN:326,sequence
FN:327,_sequence
FN:328,fSequence
FN:342,(anonymous_39)
FN:360,(anonymous_40)
FN:368,uncurry
FN:381,uncurryN
FN:383,_uncurryN
FN:407,(anonymous_44)
FN:420,(anonymous_45)
FN:431,(anonymous_46)
FN:445,applyWhenReady
FN:447,_applyWhenReady
FN:452,_apply
FN:458,_rightApply
FNF:51
FNH:34
FNDA:2,all
FNDA:2,_all
FNDA:7,_testAll
FNDA:2,any
FNDA:2,_any
FNDA:7,_testAny
FNDA:1,_c
FNDA:1,(anonymous_7)
FNDA:31,compose
FNDA:0,(anonymous_9)
FNDA:0,(anonymous_10)
FNDA:0,(anonymous_11)
FNDA:0,_n
FNDA:0,_n_
FNDA:12,constant
FNDA:12,_constant
FNDA:84,curry
FNDA:313,curryN
FNDA:53278,_curryN
FNDA:1,curryRight
FNDA:1,_wrapper
FNDA:0,fixedPoint
FNDA:0,_fixedPoint
FNDA:0,_y_
FNDA:0,(anonymous_24)
FNDA:0,(anonymous_25)
FNDA:70,(anonymous_26)
FNDA:118,(anonymous_27)
FNDA:2,(anonymous_28)
FNDA:0,(anonymous_29)
FNDA:0,(anonymous_30)
FNDA:43,pipe
FNDA:50,_pipe
FNDA:51,pipeReduce
FNDA:0,(anonymous_34)
FNDA:0,_reduce
FNDA:1,sequence
FNDA:1,_sequence
FNDA:2,fSequence
FNDA:0,(anonymous_39)
FNDA:0,(anonymous_40)
FNDA:4,uncurry
FNDA:2,uncurryN
FNDA:3,_uncurryN
FNDA:0,(anonymous_44)
FNDA:165,(anonymous_45)
FNDA:2,(anonymous_46)
FNDA:2,applyWhenReady
FNDA:6,_applyWhenReady
FNDA:3,_apply
FNDA:1,_rightApply
DA:8,2
DA:9,2
DA:10,7
DA:22,2
DA:23,2
DA:24,7
DA:38,1
DA:39,1
DA:40,1
DA:43,1
DA:54,31
DA:55,31
DA:67,1
DA:69,1
DA:71,1
DA:72,0
DA:73,0
DA:74,0
DA:86,12
DA:87,12
DA:98,84
DA:99,81
DA:114,313
DA:116,53278
DA:117,53278
DA:118,53066
DA:121,312
DA:122,312
DA:132,1
DA:133,1
DA:143,1
DA:153,0
DA:154,0
DA:157,0
DA:168,1
DA:169,0
DA:178,70
DA:194,118
DA:206,2
DA:217,1
DA:225,1
DA:235,1
DA:255,43
DA:256,50
DA:257,51
DA:270,1
DA:282,1
DA:309,0
DA:318,1
DA:327,1
DA:328,1
DA:329,2
DA:342,1
DA:350,1
DA:360,1
DA:369,4
DA:370,2
DA:381,1
DA:382,2
DA:383,2
DA:384,3
DA:385,3
DA:386,3
DA:387,3
DA:389,3
DA:390,8
DA:391,8
DA:392,8
DA:393,8
DA:395,3
DA:407,1
DA:420,165
DA:431,2
DA:437,1
DA:446,2
DA:448,6
DA:449,6
DA:452,2
DA:453,3
DA:456,2
DA:458,2
DA:459,1
DA:460,1
DA:463,2
LF:84
LH:76
BRDA:74,0,0,0
BRDA:74,0,1,0
BRDA:98,1,0,3
BRDA:98,1,1,81
BRDA:98,2,0,84
BRDA:98,2,1,83
BRDA:113,3,0,100
BRDA:114,4,0,1
BRDA:114,4,1,312
BRDA:114,5,0,313
BRDA:114,5,1,1
BRDA:117,6,0,212
BRDA:117,6,1,53066
BRDA:194,7,0,5
BRDA:194,7,1,113
BRDA:206,8,0,1
BRDA:206,8,1,1
BRDA:369,9,0,2
BRDA:369,9,1,2
BRDA:369,10,0,4
BRDA:369,10,1,4
BRDA:389,11,0,11
BRDA:389,11,1,10
BRDA:390,12,0,1
BRDA:390,12,1,7
BRDA:420,13,0,73
BRDA:420,13,1,92
BRDA:431,14,0,1
BRDA:431,14,1,1
BRF:29
BRH:27
end_of_record
TN:
SF:C:\Repo\Github\pointfree-js\src\decorators.js
FN:12,_after
FN:24,(anonymous_1)
FN:24,(anonymous_2)
FN:24,(anonymous_3)
FN:35,_before
FN:48,(anonymous_5)
FN:58,_bindFunction
FN:78,guard
FN:79,waitForArgs
FN:80,_functionRunner
FN:93,(anonymous_10)
FN:93,(anonymous_11)
FN:101,(anonymous_12)
FN:101,(anonymous_13)
FN:101,_testNull
FN:113,(anonymous_15)
FN:113,(anonymous_16)
FN:121,once
FN:123,_once
FN:140,_repeat
FN:150,(anonymous_20)
FN:150,(anonymous_21)
FN:160,safe
FN:161,_safe
FN:175,_tap
FN:187,(anonymous_25)
FN:197,_tryCatch
FN:198,_tryCatch_
FN:215,(anonymous_28)
FN:223,unfold
FN:224,_unfold
FN:235,unfoldWith
FN:236,_unfold
FN:254,_hylo
FN:271,(anonymous_34)
FN:271,(anonymous_35)
FNF:36
FNH:30
FNDA:1,_after
FNDA:1,(anonymous_1)
FNDA:1,(anonymous_2)
FNDA:1,(anonymous_3)
FNDA:1,_before
FNDA:4,(anonymous_5)
FNDA:1,_bindFunction
FNDA:2,guard
FNDA:2,waitForArgs
FNDA:3,_functionRunner
FNDA:1,(anonymous_10)
FNDA:1,(anonymous_11)
FNDA:3,(anonymous_12)
FNDA:3,(anonymous_13)
FNDA:3,_testNull
FNDA:13,(anonymous_15)
FNDA:175,(anonymous_16)
FNDA:1,once
FNDA:2,_once
FNDA:11,_repeat
FNDA:1,(anonymous_20)
FNDA:12,(anonymous_21)
FNDA:3,safe
FNDA:4,_safe
FNDA:0,_tap
FNDA:3,(anonymous_25)
FNDA:2,_tryCatch
FNDA:2,_tryCatch_
FNDA:4,(anonymous_28)
FNDA:0,unfold
FNDA:0,_unfold
FNDA:0,unfoldWith
FNDA:0,_unfold
FNDA:0,_hylo
FNDA:1,(anonymous_34)
FNDA:1,(anonymous_35)
DA:12,1
DA:13,1
DA:14,1
DA:15,1
DA:24,1
DA:35,1
DA:36,1
DA:37,1
DA:48,4
DA:58,1
DA:59,1
DA:79,2
DA:80,2
DA:81,3
DA:82,1
DA:93,1
DA:101,3
DA:113,175
DA:122,1
DA:123,1
DA:124,2
DA:125,1
DA:126,1
DA:128,1
DA:140,1
DA:141,11
DA:150,12
DA:161,3
DA:162,4
DA:163,1
DA:175,1
DA:176,0
DA:177,0
DA:187,3
DA:197,1
DA:198,2
DA:199,2
DA:200,2
DA:203,1
DA:215,4
DA:224,0
DA:236,0
DA:237,0
DA:239,0
DA:240,0
DA:241,0
DA:254,1
DA:255,0
DA:256,0
DA:258,0
DA:259,0
DA:260,0
DA:262,0
DA:271,1
LF:54
LH:40
BRDA:80,0,0,1
BRDA:80,0,1,1
BRDA:101,1,0,1
BRDA:101,1,1,2
BRDA:101,2,0,3
BRDA:101,2,1,2
BRDA:124,3,0,1
BRDA:124,3,1,1
BRDA:141,4,0,10
BRDA:141,4,1,1
BRDA:162,5,0,3
BRDA:162,5,1,1
BRDA:162,6,0,4
BRDA:162,6,1,3
BRDA:162,6,2,2
BRDA:215,7,0,3
BRDA:215,7,1,1
BRDA:239,8,0,0
BRDA:239,8,1,0
BRF:19
BRH:17
end_of_record
TN:
SF:C:\Repo\Github\pointfree-js\src\functionalContainerHelpers.js
FN:10,isConstant
FN:20,isEither
FN:30,isFunctor
FN:40,isFuture
FN:50,isIdentity
FN:60,isIo
FN:70,isJust
FN:80,isLeft
FN:90,isList
FN:100,isMaybe
FN:111,isMonad
FN:121,isNothing
FN:131,isRight
FN:141,isValidation
FNF:14
FNH:14
FNDA:20,isConstant
FNDA:20,isEither
FNDA:20,isFunctor
FNDA:18,isFuture
FNDA:18,isIdentity
FNDA:18,isIo
FNDA:16,isJust
FNDA:16,isLeft
FNDA:20,isList
FNDA:20,isMaybe
FNDA:20,isMonad
FNDA:18,isNothing
FNDA:20,isRight
FNDA:18,isValidation
DA:11,20
DA:21,20
DA:31,20
DA:41,18
DA:51,18
DA:61,18
DA:71,16
DA:81,16
DA:91,20
DA:101,20
DA:112,20
DA:122,18
DA:132,20
DA:142,18
LF:14
LH:14
BRDA:11,0,0,20
BRDA:11,0,1,19
BRDA:21,1,0,20
BRDA:21,1,1,18
BRDA:31,2,0,20
BRDA:31,2,1,20
BRDA:31,2,2,20
BRDA:41,3,0,18
BRDA:41,3,1,17
BRDA:51,4,0,18
BRDA:51,4,1,17
BRDA:61,5,0,18
BRDA:61,5,1,17
BRDA:71,6,0,16
BRDA:71,6,1,2
BRDA:71,6,2,1
BRDA:81,7,0,16
BRDA:81,7,1,2
BRDA:81,7,2,1
BRDA:91,8,0,20
BRDA:91,8,1,19
BRDA:101,9,0,20
BRDA:101,9,1,2
BRDA:101,9,2,1
BRDA:101,9,3,18
BRDA:101,9,4,4
BRDA:101,9,5,2
BRDA:112,10,0,20
BRDA:112,10,1,20
BRDA:112,10,2,20
BRDA:142,11,0,18
BRDA:142,11,1,17
BRF:32
BRH:32
end_of_record
TN:
SF:C:\Repo\Github\pointfree-js\src\functionalHelpers.js
FN:21,_adjust
FN:39,(anonymous_1)
FN:49,(anonymous_2)
FN:63,_arraySet
FN:75,_both
FN:85,(anonymous_5)
FN:85,(anonymous_6)
FN:86,_concatStrings
FN:106,(anonymous_8)
FN:116,(anonymous_9)
FN:126,(anonymous_10)
FN:136,_either
FN:148,(anonymous_12)
FN:166,(anonymous_13)
FN:176,(anonymous_14)
FN:186,(anonymous_15)
FN:196,(anonymous_16)
FN:206,_has
FN:218,_inObject
FN:228,(anonymous_19)
FN:236,(anonymous_20)
FN:244,(anonymous_21)
FN:252,(anonymous_22)
FN:260,(anonymous_23)
FN:268,(anonymous_24)
FN:276,(anonymous_25)
FN:284,(anonymous_26)
FN:292,(anonymous_27)
FN:300,(anonymous_28)
FN:308,(anonymous_29)
FN:316,(anonymous_30)
FN:326,(anonymous_31)
FN:336,(anonymous_32)
FN:347,_mapSet
FN:360,(anonymous_34)
FN:370,(anonymous_35)
FN:378,(anonymous_36)
FN:388,(anonymous_37)
FN:396,noop
FN:406,nth
FN:420,_objectSet
FN:432,once
FN:434,_once
FN:450,(anonymous_43)
FN:458,(anonymous_44)
FN:469,_set
FN:482,_setSet
FN:495,(anonymous_47)
FN:505,(anonymous_48)
FN:515,(anonymous_49)
FN:523,(anonymous_50)
FN:531,(anonymous_51)
FN:540,(anonymous_52)
FN:542,reverse2
FNF:54
FNH:24
FNDA:7,_adjust
FNDA:0,(anonymous_1)
FNDA:6,(anonymous_2)
FNDA:3,_arraySet
FNDA:4,_both
FNDA:4,(anonymous_5)
FNDA:4,(anonymous_6)
FNDA:8,_concatStrings
FNDA:110,(anonymous_8)
FNDA:440,(anonymous_9)
FNDA:0,(anonymous_10)
FNDA:4,_either
FNDA:0,(anonymous_12)
FNDA:0,(anonymous_13)
FNDA:0,(anonymous_14)
FNDA:0,(anonymous_15)
FNDA:0,(anonymous_16)
FNDA:0,_has
FNDA:0,_inObject
FNDA:1,(anonymous_19)
FNDA:808,(anonymous_20)
FNDA:0,(anonymous_21)
FNDA:8,(anonymous_22)
FNDA:9,(anonymous_23)
FNDA:0,(anonymous_24)
FNDA:0,(anonymous_25)
FNDA:0,(anonymous_26)
FNDA:0,(anonymous_27)
FNDA:440,(anonymous_28)
FNDA:0,(anonymous_29)
FNDA:0,(anonymous_30)
FNDA:0,(anonymous_31)
FNDA:0,(anonymous_32)
FNDA:0,_mapSet
FNDA:0,(anonymous_34)
FNDA:0,(anonymous_35)
FNDA:0,(anonymous_36)
FNDA:0,(anonymous_37)
FNDA:0,noop
FNDA:6,nth
FNDA:19,_objectSet
FNDA:49,once
FNDA:3,_once
FNDA:4,(anonymous_43)
FNDA:3,(anonymous_44)
FNDA:0,_set
FNDA:0,_setSet
FNDA:51948,(anonymous_47)
FNDA:0,(anonymous_48)
FNDA:0,(anonymous_49)
FNDA:0,(anonymous_50)
FNDA:696,(anonymous_51)
FNDA:45,(anonymous_52)
FNDA:0,reverse2
DA:21,1
DA:22,7
DA:23,2
DA:25,5
DA:26,5
DA:27,5
DA:28,5
DA:39,1
DA:49,6
DA:63,1
DA:64,3
DA:75,1
DA:76,4
DA:85,4
DA:87,8
DA:96,1
DA:106,110
DA:116,440
DA:126,1
DA:136,1
DA:137,4
DA:148,1
DA:158,1
DA:166,1
DA:176,1
DA:186,1
DA:196,1
DA:206,1
DA:207,0
DA:218,1
DA:219,0
DA:228,1
DA:236,808
DA:244,1
DA:252,8
DA:260,9
DA:268,1
DA:276,1
DA:284,1
DA:292,1
DA:300,440
DA:308,1
DA:316,1
DA:326,1
DA:336,1
DA:347,1
DA:348,0
DA:349,0
DA:360,1
DA:370,1
DA:378,1
DA:388,1
DA:406,1
DA:407,6
DA:408,6
DA:420,1
DA:421,19
DA:422,19
DA:423,19
DA:433,49
DA:434,49
DA:435,3
DA:436,1
DA:437,1
DA:450,4
DA:458,3
DA:469,1
DA:470,0
DA:471,0
DA:482,1
DA:483,0
DA:484,0
DA:495,51948
DA:505,1
DA:515,1
DA:523,1
DA:531,696
DA:540,45
DA:543,0
DA:544,0
DA:545,0
DA:547,0
LF:82
LH:70
BRDA:22,0,0,2
BRDA:22,0,1,5
BRDA:22,1,0,7
BRDA:22,1,1,6
BRDA:25,2,0,1
BRDA:25,2,1,4
BRDA:49,3,0,6
BRDA:49,3,1,4
BRDA:76,4,0,4
BRDA:76,4,1,2
BRDA:85,5,0,1
BRDA:85,5,1,3
BRDA:85,6,0,4
BRDA:85,6,1,4
BRDA:137,7,0,4
BRDA:137,7,1,2
BRDA:260,8,0,9
BRDA:260,8,1,5
BRDA:276,9,0,0
BRDA:276,9,1,0
BRDA:407,10,0,2
BRDA:407,10,1,4
BRDA:408,11,0,3
BRDA:408,11,1,3
BRDA:435,12,0,1
BRDA:435,12,1,2
BRDA:450,13,0,4
BRDA:450,13,1,1
BRDA:458,14,0,1
BRDA:458,14,1,2
BRDA:543,15,0,0
BRDA:543,15,1,0
BRDA:544,16,0,0
BRDA:544,16,1,0
BRF:34
BRH:28
end_of_record
TN:
SF:C:\Repo\Github\pointfree-js\src\helpers.js
FN:6,_generator
FN:89,sortComparer
FN:111,cacher
FN:113,cacheChecker
FN:114,_checkEquality
FN:123,_contains
FN:124,_checkEquality
FN:139,genericCacher
FN:140,createCacheChequer
FN:148,_contains
FN:149,_checkEquality
FN:153,_getValue
FN:154,_findKey
FN:172,_contains
FN:173,_checkEquality
FN:177,_getValue
FN:178,_findKey
FN:195,buildTypeBits
FN:196,_buildBits
FN:197,_findDelegate
FN:203,createBitMask
FN:204,_reduce
FN:219,memoizer
FN:221,_memoized
FN:233,deepClone
FN:244,objectCloner
FN:267,_reducePropNames
FN:281,functionClone
FN:282,_clone
FN:299,_reducePropName
FN:314,deepCopy
FN:330,shallowClone
FNF:32
FNH:12
FNDA:0,_generator
FNDA:12272,sortComparer
FNDA:28,cacher
FNDA:1370,cacheChecker
FNDA:27985,_checkEquality
FNDA:0,_contains
FNDA:0,_checkEquality
FNDA:0,genericCacher
FNDA:0,createCacheChequer
FNDA:0,_contains
FNDA:0,_checkEquality
FNDA:0,_getValue
FNDA:0,_findKey
FNDA:0,_contains
FNDA:0,_checkEquality
FNDA:0,_getValue
FNDA:0,_findKey
FNDA:0,buildTypeBits
FNDA:0,_buildBits
FNDA:0,_findDelegate
FNDA:0,createBitMask
FNDA:0,_reduce
FNDA:0,memoizer
FNDA:0,_memoized
FNDA:67,deepClone
FNDA:2380,objectCloner
FNDA:2313,_reducePropNames
FNDA:1,functionClone
FNDA:1,_clone
FNDA:3,_reducePropName
FNDA:1,deepCopy
FNDA:19,shallowClone
DA:6,1
DA:19,1
DA:29,1
DA:42,1
DA:66,1
DA:76,1
DA:90,12272
DA:91,12272
DA:112,28
DA:114,1370
DA:115,27985
DA:117,614
DA:119,756
DA:120,756
DA:123,28
DA:124,0
DA:125,0
DA:129,28
DA:141,0
DA:142,0
DA:147,0
DA:149,0
DA:150,0
DA:154,0
DA:155,0
DA:159,0
DA:163,0
DA:171,0
DA:173,0
DA:174,0
DA:178,0
DA:179,0
DA:183,0
DA:188,0
DA:190,0
DA:196,0
DA:197,0
DA:198,0
DA:204,0
DA:205,0
DA:209,0
DA:220,0
DA:221,0
DA:222,0
DA:223,0
DA:234,67
DA:236,67
DA:246,2380
DA:247,2045
DA:252,335
DA:253,334
DA:256,334
DA:258,333
DA:262,333
DA:264,333
DA:268,2313
DA:282,1
DA:283,1
DA:286,1
DA:299,1
DA:300,3
DA:301,1
DA:302,2
DA:305,1
DA:315,1
DA:316,1
DA:317,1
DA:318,1
DA:319,54
DA:321,1
DA:331,19
DA:332,19
DA:333,35
DA:335,19
DA:338,1
LF:75
LH:46
BRDA:90,0,0,8235
BRDA:90,0,1,4037
BRDA:90,1,0,1382
BRDA:90,1,1,2655
BRDA:91,2,0,3066
BRDA:91,2,1,9206
BRDA:114,3,0,614
BRDA:114,3,1,756
BRDA:114,4,0,1370
BRDA:114,4,1,1370
BRDA:141,5,0,0
BRDA:141,5,1,0
BRDA:141,5,2,0
BRDA:141,5,3,0
BRDA:141,5,4,0
BRDA:141,5,5,0
BRDA:141,5,6,0
BRDA:141,5,7,0
BRDA:141,5,8,0
BRDA:222,6,0,0
BRDA:222,6,1,0
BRDA:223,7,0,0
BRDA:223,7,1,0
BRDA:246,8,0,2045
BRDA:246,8,1,335
BRDA:246,9,0,2380
BRDA:246,9,1,2376
BRDA:246,9,2,2042
BRDA:252,10,0,1
BRDA:252,10,1,334
BRDA:256,11,0,1
BRDA:256,11,1,333
BRDA:281,12,0,1
BRDA:300,13,0,1
BRDA:300,13,1,2
BRDA:300,14,0,3
BRDA:300,14,1,2
BRF:37
BRH:24
end_of_record
TN:
SF:C:\Repo\Github\pointfree-js\src\lenses.js
FN:18,_arrayLens
FN:19,_mapWith
FN:33,_objectLens
FN:34,_map
FN:48,_unifiedLens
FN:49,_mapWith
FN:64,_view
FN:77,_over
FN:78,_lens
FN:92,_put
FN:105,(anonymous_10)
FN:113,makeLenses
FN:114,_pathReduce
FN:126,improvedLensPath
FN:127,_innerLensDef
FN:128,_map
FN:133,_pathsMap
FN:144,lensPath
FN:145,_pathMap
FN:158,_prismPath
FN:181,_lens
FN:182,(anonymous_21)
FN:197,_prism
FN:198,(anonymous_23)
FN:209,_split
FNF:25
FNH:13
FNDA:4,_arrayLens
FNDA:3,_mapWith
FNDA:22,_objectLens
FNDA:19,_map
FNDA:0,_unifiedLens
FNDA:0,_mapWith
FNDA:2,_view
FNDA:15,_over
FNDA:23,_lens
FNDA:2,_put
FNDA:1,(anonymous_10)
FNDA:1,makeLenses
FNDA:2,_pathReduce
FNDA:0,improvedLensPath
FNDA:0,_innerLensDef
FNDA:0,_map
FNDA:0,_pathsMap
FNDA:8,lensPath
FNDA:12,_pathMap
FNDA:0,_prismPath
FNDA:0,_lens
FNDA:0,(anonymous_21)
FNDA:0,_prism
FNDA:0,(anonymous_23)
FNDA:0,_split
DA:18,1
DA:19,4
DA:20,3
DA:33,1
DA:34,22
DA:35,19
DA:48,1
DA:49,0
DA:50,0
DA:51,0
DA:52,0
DA:64,1
DA:65,2
DA:77,1
DA:78,15
DA:79,23
DA:92,1
DA:93,2
DA:105,1
DA:114,1
DA:115,2
DA:116,2
DA:127,0
DA:128,0
DA:129,0
DA:133,0
DA:134,0
DA:145,8
DA:146,12
DA:158,1
DA:159,0
DA:160,0
DA:161,0
DA:162,0
DA:163,0
DA:164,0
DA:165,0
DA:167,0
DA:181,1
DA:182,0
DA:197,1
DA:198,0
DA:209,1
DA:210,0
LF:44
LH:24
BRDA:50,0,0,0
BRDA:50,0,1,0
BRDA:51,1,0,0
BRDA:51,1,1,0
BRDA:146,2,0,10
BRDA:146,2,1,2
BRDA:163,3,0,0
BRDA:163,3,1,0
BRF:8
BRH:2
end_of_record
TN:
SF:C:\Repo\Github\pointfree-js\src\pointlessContainers.js
FN:25,_apply
FN:46,_flatMap
FN:58,_flatMapWith
FN:70,_map
FN:82,_map
FN:111,_chain
FN:128,_mcompose
FN:140,_put
FN:153,_lift2
FN:167,_lift3
FN:182,_lift4
FN:194,_liftN
FN:195,_apply
FN:206,mjoin
FN:216,toContainerType
FN:217,toType
FN:227,containerIterator
FN:231,_next
FN:252,toList
FN:262,toMaybe
FN:272,toFuture
FN:282,toIdentity
FN:292,toJust
FN:302,_toIdentity
FN:306,_toJust
FN:310,_toList
FN:314,_toMaybe
FN:332,_filter
FN:345,_intersect
FN:357,_except
FNF:30
FNH:5
FNDA:0,_apply
FNDA:0,_flatMap
FNDA:0,_flatMapWith
FNDA:0,_map
FNDA:37,_map
FNDA:0,_chain
FNDA:0,_mcompose
FNDA:0,_put
FNDA:0,_lift2
FNDA:0,_lift3
FNDA:0,_lift4
FNDA:0,_liftN
FNDA:0,_apply
FNDA:0,mjoin
FNDA:20,toContainerType
FNDA:24,toType
FNDA:10,containerIterator
FNDA:20,_next
FNDA:0,toList
FNDA:0,toMaybe
FNDA:0,toFuture
FNDA:0,toIdentity
FNDA:0,toJust
FNDA:0,_toIdentity
FNDA:0,_toJust
FNDA:0,_toList
FNDA:0,_toMaybe
FNDA:0,_filter
FNDA:0,_intersect
FNDA:0,_except
DA:25,1
DA:26,0
DA:36,1
DA:46,1
DA:47,0
DA:58,1
DA:59,0
DA:70,1
DA:71,0
DA:82,1
DA:83,37
DA:90,1
DA:101,1
DA:111,1
DA:112,0
DA:119,1
DA:128,1
DA:129,0
DA:140,1
DA:141,0
DA:153,1
DA:154,0
DA:167,1
DA:168,0
DA:182,1
DA:183,0
DA:194,1
DA:195,0
DA:196,0
DA:207,0
DA:217,20
DA:218,24
DA:228,10
DA:229,10
DA:230,10
DA:232,20
DA:233,10
DA:234,10
DA:239,10
DA:253,0
DA:332,1
DA:333,0
DA:345,1
DA:346,0
DA:357,1
DA:358,0
LF:46
LH:29
BRDA:217,0,0,24
BRDA:232,1,0,10
BRDA:232,1,1,10
BRF:3
BRH:3
end_of_record
TN:
SF:C:\Repo\Github\pointfree-js\src\transducers.js
FN:10,_mapping
FN:24,_filtering2
FN:34,mapReducer
FN:35,_mapReducer
FN:46,filterReducer
FN:47,_filterReducer
FN:60,_mapped
FN:61,_mCompose
FN:75,(anonymous_8)
FN:85,(anonymous_9)
FN:109,dropping
FN:110,_dropping2
FN:111,_dropping2_
FN:130,(anonymous_13)
FN:130,(anonymous_14)
FN:132,(anonymous_15)
FNF:16
FNH:14
FNDA:48,_mapping
FNDA:50,_filtering2
FNDA:3,mapReducer
FNDA:30,_mapReducer
FNDA:2,filterReducer
FNDA:20,_filterReducer
FNDA:0,_mapped
FNDA:0,_mCompose
FNDA:2,(anonymous_8)
FNDA:6,(anonymous_9)
FNDA:2,dropping
FNDA:2,_dropping2
FNDA:10,_dropping2_
FNDA:2,(anonymous_13)
FNDA:2,(anonymous_14)
FNDA:6,(anonymous_15)
DA:10,1
DA:11,48
DA:24,1
DA:25,50
DA:35,3
DA:36,30
DA:47,2
DA:48,20
DA:60,1
DA:61,0
DA:62,0
DA:75,2
DA:85,1
DA:86,6
DA:87,25
DA:88,25
DA:89,25
DA:90,2
DA:93,6
DA:96,1
DA:110,2
DA:111,2
DA:112,10
DA:130,2
DA:131,2
DA:132,2
DA:133,6
LF:27
LH:25
BRDA:25,0,0,28
BRDA:25,0,1,22
BRDA:48,1,0,10
BRDA:48,1,1,10
BRDA:88,2,0,25
BRDA:88,2,1,25
BRDA:88,2,2,23
BRDA:89,3,0,2
BRDA:89,3,1,23
BRDA:112,4,0,5
BRDA:112,4,1,5
BRDA:133,5,0,4
BRDA:133,5,1,2
BRF:13
BRH:13
end_of_record
TN:
SF:C:\Repo\Github\pointfree-js\src\containers\containerHelpers.js
FN:6,get
FN:15,emptyGet
FN:25,orElse
FN:35,emptyOrElse
FN:45,getOrElse
FN:55,emptyGetOrElse
FN:65,apply
FN:75,chain
FN:87,disjunctionEqualMaker
FN:88,_disjunctionEquals
FN:99,equalMaker
FN:100,_equal
FN:111,(anonymous_12)
FN:111,(anonymous_13)
FN:111,(anonymous_14)
FN:119,(anonymous_15)
FN:119,(anonymous_16)
FN:126,mjoin
FN:136,(anonymous_18)
FN:136,(anonymous_19)
FN:144,stringMaker
FN:145,_toString
FN:155,valueOf
FN:165,justMap
FN:169,nothingMapMaker
FN:170,nothingMap
FN:175,justBimap
FN:179,nothingBimapMaker
FN:180,nothingBimap
FN:203,rightMap
FN:213,leftMapMaker
FN:214,leftMap
FN:226,rightBiMap
FN:236,leftBimapMaker
FN:237,leftBimap
FNF:35
FNH:26
FNDA:6,get
FNDA:0,emptyGet
FNDA:6,orElse
FNDA:0,emptyOrElse
FNDA:6,getOrElse
FNDA:0,emptyGetOrElse
FNDA:33,apply
FNDA:7,chain
FNDA:4,disjunctionEqualMaker
FNDA:73,_disjunctionEquals
FNDA:4,equalMaker
FNDA:20,_equal
FNDA:24,(anonymous_12)
FNDA:3,(anonymous_13)
FNDA:3,(anonymous_14)
FNDA:0,(anonymous_15)
FNDA:0,(anonymous_16)
FNDA:6,mjoin
FNDA:18,(anonymous_18)
FNDA:107,(anonymous_19)
FNDA:7,stringMaker
FNDA:45,_toString
FNDA:20,valueOf
FNDA:11,justMap
FNDA:2,nothingMapMaker
FNDA:3,nothingMap
FNDA:0,justBimap
FNDA:2,nothingBimapMaker
FNDA:0,nothingBimap
FNDA:5,rightMap
FNDA:2,leftMapMaker
FNDA:4,leftMap
FNDA:0,rightBiMap
FNDA:2,leftBimapMaker
FNDA:0,leftBimap
DA:7,6
DA:16,0
DA:26,6
DA:36,0
DA:46,6
DA:56,0
DA:66,33
DA:76,7
DA:77,7
DA:88,4
DA:89,73
DA:100,4
DA:101,20
DA:111,24
DA:119,1
DA:127,6
DA:136,107
DA:145,7
DA:146,45
DA:156,20
DA:166,11
DA:170,2
DA:171,3
DA:176,0
DA:180,2
DA:181,0
DA:185,1
DA:204,5
DA:214,2
DA:215,4
DA:227,0
DA:237,2
DA:238,0
DA:242,1
LF:34
LH:27
BRDA:77,0,0,6
BRDA:77,0,1,1
BRDA:89,1,0,73
BRDA:89,1,1,72
BRDA:89,1,2,38
BRDA:101,2,0,20
BRDA:101,2,1,20
BRF:7
BRH:7
end_of_record
TN:
SF:C:\Repo\Github\pointfree-js\src\containers\list_helpers.js
FN:15,createListCreator
FN:16,createListDelegateInstance
FN:30,_getData
FN:51,_getData
FN:75,_getData
FN:101,_getData
FN:111,_getKey
FN:129,_getData
FN:137,createBitMask
FN:138,_reduce
FN:144,taker_skipper
FN:146,_skipAmt
FNF:12
FNH:12
FNDA:4,createListCreator
FNDA:440,createListDelegateInstance
FNDA:30,_getData
FNDA:1,_getData
FNDA:5,_getData
FNDA:12,_getData
FNDA:434,_getKey
FNDA:112,_getData
FNDA:440,createBitMask
FNDA:1320,_reduce
FNDA:3,taker_skipper
FNDA:21,_skipAmt
DA:16,4
DA:17,440
DA:23,33
DA:31,30
DA:44,4
DA:52,1
DA:68,9
DA:76,5
DA:94,132
DA:102,12
DA:112,434
DA:122,262
DA:130,112
DA:138,440
DA:139,1320
DA:145,3
DA:146,3
DA:147,21
LF:18
LH:18
BRDA:17,0,0,33
BRDA:17,0,1,4
BRDA:17,0,2,9
BRDA:17,0,3,132
BRDA:17,0,4,262
BRF:5
BRH:5
end_of_record
TN:
SF:C:\Repo\Github\pointfree-js\src\containers\list_iterators.js
FN:16,prepend
FN:17,addFront
FN:32,concat
FN:33,concatIterator
FN:56,except
FN:58,exceptIterator
FN:60,_comparer
FN:79,groupJoin
FN:80,groupJoinIterator
FN:106,intersect
FN:107,intersectIterator
FN:110,_checkEquivalency
FN:124,intersperse
FN:125,intersperseIterator
FN:148,join
FN:149,joinIterator
FN:169,union
FN:170,unionIterator
FN:190,zip
FN:191,zipIterator
FN:210,all
FN:221,any
FN:233,contains
FN:235,(anonymous_23)
FN:246,binarySearch
FN:260,binarySearchRec
FN:276,count
FN:288,first
FN:300,foldLeft
FN:312,foldRight
FN:330,reduceRight
FN:341,last
FN:354,distinct
FN:357,distinctIterator
FN:371,ofType
FN:372,ofTypeIterator
FN:373,_checkTypeKeys
FN:376,_checkItemKeys
FN:422,filter
FN:423,filterIterator
FN:436,deepFlatten
FN:437,iterator
FN:458,flatteningFunc
FN:468,mapData
FN:469,flattenArray
FN:480,getObjectKeysAsArray
FN:481,_flattenKeys
FN:492,objectContainsOnlyArrays
FN:493,_isMadeOfArrays
FN:505,chain
FN:506,flatMapIterator
FN:545,flatten
FN:546,flattenIterator
FN:567,groupBy
FN:568,groupByIterator
FN:584,nestLists
FN:586,_createLists
FN:604,groupData
FN:607,_groupSortedData
FN:609,_createGroupsByFields
FN:625,findGroup
FN:627,_findGroup
FN:650,map
FN:651,mapIterator
FN:666,sortBy
FN:667,orderByIterator
FN:682,equals
FN:687,_checkEquality
FN:699,takeWhile
FN:700,takeWhileIterator
FN:715,skipWhile
FN:716,skipWhileIterator
FN:736,reverse
FN:737,reverseIterator
FN:749,repeat
FN:750,repeatIterator
FN:766,copyWithin
FN:767,copyWithinIterator
FN:781,fill
FN:782,fillIterator
FN:794,findIndex
FN:805,findLastIndex
FNF:82
FNH:69
FNDA:8,prepend
FNDA:8,addFront
FNDA:9,concat
FNDA:9,concatIterator
FNDA:14,except
FNDA:14,exceptIterator
FNDA:6915,_comparer
FNDA:15,groupJoin
FNDA:15,groupJoinIterator
FNDA:21,intersect
FNDA:21,intersectIterator
FNDA:16043,_checkEquivalency
FNDA:4,intersperse
FNDA:4,intersperseIterator
FNDA:18,join
FNDA:18,joinIterator
FNDA:13,union
FNDA:13,unionIterator
FNDA:11,zip
FNDA:11,zipIterator
FNDA:9,all
FNDA:10,any
FNDA:8,contains
FNDA:23,(anonymous_23)
FNDA:2,binarySearch
FNDA:9,binarySearchRec
FNDA:5,count
FNDA:8,first
FNDA:4,foldLeft
FNDA:1,foldRight
FNDA:1,reduceRight
FNDA:8,last
FNDA:11,distinct
FNDA:11,distinctIterator
FNDA:16,ofType
FNDA:16,ofTypeIterator
FNDA:486,_checkTypeKeys
FNDA:486,_checkItemKeys
FNDA:10,filter
FNDA:10,filterIterator
FNDA:0,deepFlatten
FNDA:0,iterator
FNDA:0,flatteningFunc
FNDA:0,mapData
FNDA:0,flattenArray
FNDA:0,getObjectKeysAsArray
FNDA:0,_flattenKeys
FNDA:0,objectContainsOnlyArrays
FNDA:0,_isMadeOfArrays
FNDA:0,chain
FNDA:0,flatMapIterator
FNDA:0,flatten
FNDA:0,flattenIterator
FNDA:5,groupBy
FNDA:5,groupByIterator
FNDA:191,nestLists
FNDA:1044,_createLists
FNDA:20,groupData
FNDA:873,_groupSortedData
FNDA:981,_createGroupsByFields
FNDA:981,findGroup
FNDA:3513,_findGroup
FNDA:7,map
FNDA:5,mapIterator
FNDA:11,sortBy
FNDA:9,orderByIterator
FNDA:1,equals
FNDA:5,_checkEquality
FNDA:2,takeWhile
FNDA:2,takeWhileIterator
FNDA:3,skipWhile
FNDA:3,skipWhileIterator
FNDA:1,reverse
FNDA:1,reverseIterator
FNDA:1,repeat
FNDA:1,repeatIterator
FNDA:1,copyWithin
FNDA:1,copyWithinIterator
FNDA:1,fill
FNDA:1,fillIterator
FNDA:1,findIndex
FNDA:1,findLastIndex
DA:7,1
DA:17,8
DA:18,226
DA:20,275
DA:33,9
DA:34,280
DA:36,9
DA:37,8
DA:38,226
DA:41,1
DA:42,15
DA:57,14
DA:58,14
DA:59,14
DA:60,496
DA:61,6915
DA:62,269
DA:80,15
DA:81,15
DA:82,15
DA:84,15
DA:86,117
DA:87,897
DA:88,12
DA:89,12
DA:93,117
DA:107,21
DA:108,21
DA:109,21
DA:110,874
DA:111,16043
DA:112,519
DA:125,4
DA:126,4
DA:127,4
DA:129,4
DA:130,15
DA:131,15
DA:132,15
DA:149,18
DA:150,18
DA:151,18
DA:152,756
DA:153,32076
DA:154,9168
DA:170,13
DA:171,13
DA:172,13
DA:173,384
DA:176,13
DA:177,384
DA:191,11
DA:192,11
DA:193,11
DA:195,11
DA:196,227
DA:197,223
DA:198,223
DA:211,9
DA:222,10
DA:235,23
DA:247,2
DA:261,9
DA:262,8
DA:263,8
DA:264,8
DA:265,7
DA:266,4
DA:277,5
DA:289,8
DA:301,4
DA:313,1
DA:314,1
DA:315,1
DA:316,1
DA:317,5
DA:319,1
DA:331,1
DA:342,8
DA:343,4
DA:344,4
DA:355,11
DA:357,11
DA:358,11
DA:359,376
DA:372,16
DA:374,486
DA:377,486
DA:380,16
DA:381,11
DA:382,366
DA:386,5
DA:387,1
DA:388,8
DA:391,4
DA:392,2
DA:393,62
DA:396,2
DA:397,2
DA:398,62
DA:399,1
DA:400,61
DA:402,54
DA:407,0
DA:408,0
DA:423,10
DA:424,10
DA:425,339
DA:437,0
DA:438,0
DA:441,0
DA:442,0
DA:444,0
DA:445,0
DA:446,0
DA:448,0
DA:459,0
DA:469,0
DA:470,0
DA:481,0
DA:482,0
DA:493,0
DA:494,0
DA:506,0
DA:508,0
DA:509,0
DA:510,0
DA:546,0
DA:547,0
DA:549,0
DA:550,0
DA:551,0
DA:552,0
DA:555,0
DA:568,5
DA:570,5
DA:571,45
DA:585,191
DA:586,191
DA:587,1044
DA:588,873
DA:591,191
DA:592,171
DA:594,191
DA:605,20
DA:606,20
DA:607,20
DA:608,873
DA:609,873
DA:610,981
DA:612,873
DA:615,20
DA:627,981
DA:628,3513
DA:629,810
DA:630,810
DA:633,810
DA:635,171
DA:636,171
DA:638,171
DA:639,171
DA:651,7
DA:652,5
DA:653,114
DA:654,114
DA:667,11
DA:669,9
DA:670,222
DA:683,1
DA:684,1
DA:686,1
DA:688,5
DA:700,2
DA:701,2
DA:702,18
DA:703,2
DA:716,3
DA:717,3
DA:718,3
DA:719,15
DA:720,7
DA:721,3
DA:722,3
DA:725,8
DA:737,1
DA:738,5
DA:750,1
DA:751,1
DA:752,5
DA:767,1
DA:768,5
DA:782,1
DA:783,5
DA:795,1
DA:806,1
DA:809,1
LF:196
LH:168
BRDA:36,0,0,8
BRDA:36,0,1,1
BRDA:56,1,0,10
BRDA:60,2,0,269
BRDA:60,2,1,227
BRDA:79,3,0,5
BRDA:87,4,0,12
BRDA:87,4,1,885
BRDA:93,5,0,117
BRDA:93,5,1,105
BRDA:106,6,0,12
BRDA:110,7,0,519
BRDA:110,7,1,355
BRDA:110,8,0,874
BRDA:110,8,1,874
BRDA:132,9,0,12
BRDA:132,9,1,3
BRDA:148,10,0,11
BRDA:153,11,0,9168
BRDA:153,11,1,22908
BRDA:169,12,0,8
BRDA:173,13,0,291
BRDA:173,13,1,93
BRDA:177,14,0,135
BRDA:177,14,1,249
BRDA:196,15,0,4
BRDA:196,15,1,223
BRDA:196,16,0,227
BRDA:196,16,1,223
BRDA:211,17,0,9
BRDA:211,17,1,6
BRDA:222,18,0,6
BRDA:222,18,1,4
BRDA:235,19,0,5
BRDA:235,19,1,3
BRDA:261,20,0,1
BRDA:261,20,1,8
BRDA:264,21,0,1
BRDA:264,21,1,7
BRDA:265,22,0,3
BRDA:265,22,1,4
BRDA:277,23,0,4
BRDA:277,23,1,1
BRDA:289,24,0,4
BRDA:289,24,1,4
BRDA:300,25,0,1
BRDA:315,26,0,1
BRDA:315,26,1,0
BRDA:331,27,0,1
BRDA:331,27,1,0
BRDA:342,28,0,4
BRDA:342,28,1,4
BRDA:354,29,0,7
BRDA:359,30,0,194
BRDA:359,30,1,182
BRDA:380,31,0,11
BRDA:380,31,1,5
BRDA:382,32,0,60
BRDA:382,32,1,306
BRDA:386,33,0,1
BRDA:386,33,1,4
BRDA:388,34,0,1
BRDA:388,34,1,7
BRDA:391,35,0,2
BRDA:391,35,1,2
BRDA:393,36,0,1
BRDA:393,36,1,61
BRDA:396,37,0,2
BRDA:396,37,1,0
BRDA:396,38,0,2
BRDA:396,38,1,2
BRDA:398,39,0,1
BRDA:398,39,1,61
BRDA:400,40,0,54
BRDA:400,40,1,7
BRDA:400,41,0,61
BRDA:400,41,1,55
BRDA:400,41,2,54
BRDA:400,41,3,54
BRDA:425,42,0,103
BRDA:425,42,1,236
BRDA:444,43,0,0
BRDA:444,43,1,0
BRDA:445,44,0,0
BRDA:445,44,1,0
BRDA:510,45,0,0
BRDA:510,45,1,0
BRDA:550,46,0,0
BRDA:550,46,1,0
BRDA:551,47,0,0
BRDA:551,47,1,0
BRDA:585,48,0,191
BRDA:585,48,1,0
BRDA:587,49,0,171
BRDA:587,49,1,873
BRDA:591,50,0,171
BRDA:591,50,1,20
BRDA:627,51,0,810
BRDA:627,51,1,171
BRDA:628,52,0,810
BRDA:628,52,1,2703
BRDA:654,53,0,114
BRDA:654,53,1,0
BRDA:682,54,0,1
BRDA:686,55,0,1
BRDA:686,55,1,1
BRDA:702,56,0,16
BRDA:702,56,1,2
BRDA:719,57,0,7
BRDA:719,57,1,8
BRDA:720,58,0,3
BRDA:720,58,1,4
BRDA:794,59,0,0
BRDA:805,60,0,0
BRF:114
BRH:97
end_of_record
TN:
SF:C:\Repo\Github\pointfree-js\src\containers\sortHelpers.js
FN:11,sortData
FN:13,_sortItems
FN:22,_sortData
FN:67,mergeSort
FN:84,merge
FN:102,quickSort
FN:125,qSort
FN:166,insertionSort
FN:187,iSort
FNF:9
FNH:5
FNDA:32,sortData
FNDA:39,_sortItems
FNDA:290,_sortData
FNDA:0,mergeSort
FNDA:0,merge
FNDA:0,quickSort
FNDA:0,qSort
FNDA:63,insertionSort
FNDA:63,iSort
DA:12,32
DA:13,32
DA:14,39
DA:15,39
DA:19,7
DA:20,7
DA:21,7
DA:22,7
DA:24,290
DA:25,236
DA:28,54
DA:40,24
DA:44,54
DA:45,54
DA:47,290
DA:48,7
DA:52,7
DA:55,32
DA:68,0
DA:69,0
DA:70,0
DA:85,0
DA:86,0
DA:88,0
DA:89,0
DA:90,0
DA:103,0
DA:104,0
DA:106,0
DA:107,0
DA:108,0
DA:110,0
DA:111,0
DA:126,0
DA:127,0
DA:128,0
DA:129,0
DA:131,0
DA:132,0
DA:133,0
DA:134,0
DA:135,0
DA:136,0
DA:137,0
DA:138,0
DA:140,0
DA:141,0
DA:145,0
DA:146,0
DA:147,0
DA:150,0
DA:151,0
DA:167,63
DA:168,63
DA:170,63
DA:171,1517
DA:172,1517
DA:174,63
DA:175,63
DA:189,63
DA:190,1457
DA:191,1457
DA:192,1457
DA:193,1457
DA:194,10641
DA:195,10641
DA:197,1457
LF:67
LH:33
BRDA:14,0,0,0
BRDA:14,0,1,39
BRDA:14,1,0,39
BRDA:14,1,1,0
BRDA:15,2,0,32
BRDA:15,2,1,7
BRDA:15,3,0,32
BRDA:15,3,1,0
BRDA:24,4,0,236
BRDA:24,4,1,54
BRDA:24,5,0,290
BRDA:24,5,1,283
BRDA:28,6,0,30
BRDA:28,6,1,24
BRDA:40,7,0,24
BRDA:40,7,1,0
BRDA:47,8,0,7
BRDA:47,8,1,283
BRDA:48,9,0,7
BRDA:48,9,1,0
BRDA:68,10,0,0
BRDA:68,10,1,0
BRDA:85,11,0,0
BRDA:85,11,1,0
BRDA:86,12,0,0
BRDA:86,12,1,0
BRDA:88,13,0,0
BRDA:88,13,1,0
BRDA:132,14,0,0
BRDA:132,14,1,0
BRDA:133,15,0,0
BRDA:133,15,1,0
BRDA:134,16,0,0
BRDA:134,16,1,0
BRDA:135,17,0,0
BRDA:135,17,1,0
BRDA:145,18,0,0
BRDA:145,18,1,0
BRDA:146,19,0,0
BRDA:146,19,1,0
BRDA:150,20,0,0
BRDA:150,20,1,0
BRDA:193,21,0,12098
BRDA:193,21,1,11989
BRF:44
BRH:17
end_of_record
TN:
SF:C:\Repo\Github\pointfree-js\src\containers\functors\constant_functor.js
FN:9,Constant
FN:25,(anonymous_1)
FN:33,(anonymous_2)
FN:57,_map
FNF:4
FNH:4
FNDA:67,Constant
FNDA:19,(anonymous_1)
FNDA:7,(anonymous_2)
FNDA:17,_map
DA:10,67
DA:25,19
DA:33,7
DA:48,1
DA:50,147
DA:58,17
DA:108,1
DA:121,1
DA:139,1
LF:9
LH:9
BRF:0
BRH:0
end_of_record
TN:
SF:C:\Repo\Github\pointfree-js\src\containers\functors\either_functor.js
FN:10,fromNullable
FN:21,Either
FN:57,(anonymous_2)
FN:65,(anonymous_3)
FN:73,(anonymous_4)
FN:81,(anonymous_5)
FN:89,(anonymous_6)
FN:97,(anonymous_7)
FN:113,Left
FN:139,(anonymous_9)
FN:147,(anonymous_10)
FN:155,Right
FN:181,(anonymous_12)
FN:189,(anonymous_13)
FNF:14
FNH:14
FNDA:2,fromNullable
FNDA:35,Either
FNDA:3,(anonymous_2)
FNDA:9,(anonymous_3)
FNDA:4,(anonymous_4)
FNDA:4,(anonymous_5)
FNDA:1,(anonymous_6)
FNDA:1,(anonymous_7)
FNDA:32,Left
FNDA:3,(anonymous_9)
FNDA:18,(anonymous_10)
FNDA:36,Right
FNDA:16,(anonymous_12)
FNDA:9,(anonymous_13)
DA:11,2
DA:22,35
DA:57,3
DA:65,9
DA:73,4
DA:81,4
DA:89,1
DA:97,1
DA:105,1
DA:114,32
DA:139,3
DA:147,18
DA:156,36
DA:181,16
DA:189,9
DA:191,1
DA:193,21
DA:239,1
DA:241,1
DA:243,63
DA:289,1
DA:301,1
DA:302,1
LF:23
LH:23
BRDA:11,0,0,1
BRDA:11,0,1,1
BRDA:22,1,0,13
BRDA:22,1,1,22
BRDA:65,2,0,9
BRDA:65,2,1,7
BRF:6
BRH:6
end_of_record
TN:
SF:C:\Repo\Github\pointfree-js\src\containers\functors\functors.js
FN:24,toConstant
FN:25,toEither
FN:26,toFuture
FN:27,toIdentity
FN:28,toIo
FN:29,toLeft
FN:30,toList
FN:31,toMaybe
FN:32,toRight
FN:33,toValidation
FNF:10
FNH:0
FNDA:0,toConstant
FNDA:0,toEither
FNDA:0,toFuture
FNDA:0,toIdentity
FNDA:0,toIo
FNDA:0,toLeft
FNDA:0,toList
FNDA:0,toMaybe
FNDA:0,toRight
FNDA:0,toValidation
DA:13,1
DA:14,1
DA:15,1
DA:16,1
DA:17,1
DA:18,1
DA:19,1
DA:20,1
DA:21,1
DA:22,1
DA:24,0
DA:25,0
DA:26,0
DA:27,0
DA:28,0
DA:29,0
DA:30,0
DA:31,0
DA:32,0
DA:33,0
DA:39,1
DA:40,1
DA:41,1
DA:42,1
DA:43,1
DA:44,1
DA:45,1
DA:46,1
DA:47,1
DA:48,1
DA:50,1
DA:51,1
DA:52,1
DA:53,1
DA:54,1
DA:55,1
DA:56,1
DA:57,1
DA:58,1
DA:59,1
DA:61,1
DA:62,1
DA:63,1
DA:64,1
DA:65,1
DA:66,1
DA:67,1
DA:68,1
DA:69,1
DA:70,1
DA:72,1
DA:73,1
DA:74,1
DA:75,1
DA:76,1
DA:77,1
DA:78,1
DA:79,1
DA:80,1
DA:81,1
DA:83,1
DA:84,1
DA:85,1
DA:86,1
DA:87,1
DA:88,1
DA:89,1
DA:90,1
DA:92,1
DA:93,1
DA:94,1
DA:95,1
DA:96,1
DA:97,1
DA:98,1
DA:99,1
DA:101,1
DA:102,1
DA:103,1
DA:104,1
DA:105,1
DA:106,1
DA:107,1
DA:108,1
DA:109,1
DA:111,1
DA:112,1
DA:113,1
DA:114,1
DA:115,1
DA:116,1
DA:117,1
DA:118,1
DA:119,1
DA:120,1
DA:122,1
DA:123,1
DA:124,1
DA:125,1
DA:126,1
DA:127,1
DA:128,1
DA:129,1
DA:131,1
DA:132,1
DA:133,1
DA:134,1
DA:135,1
DA:136,1
DA:137,1
DA:138,1
DA:139,1
DA:140,1
DA:142,1
DA:143,1
DA:144,1
DA:145,1
DA:146,1
DA:147,1
DA:148,1
DA:149,1
DA:150,1
DA:151,1
DA:152,1
DA:153,1
DA:155,1
DA:170,1
LF:127
LH:117
BRF:0
BRH:0
end_of_record
TN:
SF:C:\Repo\Github\pointfree-js\src\containers\functors\future_functor.js
FN:12,safeFork
FN:13,_safeFork
FN:29,Future
FN:49,(anonymous_3)
FN:57,(anonymous_4)
FN:58,(anonymous_5)
FN:66,(anonymous_6)
FN:66,(anonymous_7)
FN:74,(anonymous_8)
FN:81,(anonymous_9)
FN:92,_map
FN:93,(anonymous_11)
FN:94,(anonymous_12)
FN:94,(anonymous_13)
FN:96,_fork
FN:99,_equals
FN:104,_toString
FNF:17
FNH:3
FNDA:0,safeFork
FNDA:0,_safeFork
FNDA:24,Future
FNDA:0,(anonymous_3)
FNDA:6,(anonymous_4)
FNDA:0,(anonymous_5)
FNDA:0,(anonymous_6)
FNDA:0,(anonymous_7)
FNDA:0,(anonymous_8)
FNDA:0,(anonymous_9)
FNDA:1,_map
FNDA:0,(anonymous_11)
FNDA:0,(anonymous_12)
FNDA:0,(anonymous_13)
FNDA:0,_fork
FNDA:0,_equals
FNDA:0,_toString
DA:13,0
DA:14,0
DA:15,0
DA:18,0
DA:30,24
DA:49,1
DA:57,6
DA:58,0
DA:66,1
DA:74,1
DA:81,1
DA:83,1
DA:90,6
DA:93,1
DA:94,0
DA:97,0
DA:100,0
DA:105,0
DA:106,0
DA:120,1
LF:20
LH:10
BRDA:57,0,0,1
BRDA:57,0,1,5
BRDA:100,1,0,0
BRDA:100,1,1,0
BRF:4
BRH:2
end_of_record
TN:
SF:C:\Repo\Github\pointfree-js\src\containers\functors\identity_functor.js
FN:9,Identity
FN:25,(anonymous_1)
FN:33,(anonymous_2)
FN:50,_map
FNF:4
FNH:4
FNDA:89,Identity
FNDA:25,(anonymous_1)
FNDA:6,(anonymous_2)
FNDA:37,_map
DA:10,89
DA:25,25
DA:33,6
DA:35,1
DA:42,237
DA:51,37
DA:106,1
DA:119,1
DA:131,1
LF:9
LH:9
BRF:0
BRH:0
end_of_record
TN:
SF:C:\Repo\Github\pointfree-js\src\containers\functors\io_functor.js
FN:12,Io
FN:33,(anonymous_1)
FN:41,(anonymous_2)
FN:51,_map
FN:52,(anonymous_4)
FN:54,_runIo
FNF:6
FNH:2
FNDA:20,Io
FNDA:3,(anonymous_1)
FNDA:0,(anonymous_2)
FNDA:0,_map
FNDA:0,(anonymous_4)
FNDA:0,_runIo
DA:13,20
DA:33,3
DA:41,1
DA:47,1
DA:49,0
DA:52,0
DA:55,0
DA:67,1
DA:79,1
DA:91,1
LF:10
LH:7
BRDA:33,0,0,0
BRDA:33,0,1,3
BRF:2
BRH:1
end_of_record
TN:
SF:C:\Repo\Github\pointfree-js\src\containers\functors\list_functor.js
FN:86,_copyWithin
FN:100,_concat
FN:111,_distinct
FN:130,_except
FN:143,_fill
FN:154,_filter
FN:166,_groupBy
FN:179,_groupByDescending
FN:201,_groupJoin
FN:219,_intersect
FN:230,_intersperse
FN:250,_join
FN:261,_map
FN:272,_ofType
FN:283,_prepend
FN:293,_reverse
FN:308,_skip
FN:319,_skipWhile
FN:330,_take
FN:341,_takeWhile
FN:358,_union
FN:375,_zip
FN:386,_all
FN:397,_any
FN:408,_count
FN:420,_equals
FN:431,_findIndex
FN:442,_findLastIndex
FN:453,_first
FN:465,_foldl
FN:477,_foldr
FN:487,_isEmpty
FN:498,_last
FN:510,_reduceRight
FN:520,_toArray
FN:537,_toEvaluatedList
FN:547,_toMap
FN:548,_map
FN:559,_toSet
FN:572,_toString
FN:596,_valueOf
FN:618,_of
FN:630,_iterator
FN:660,_orderBy
FN:674,_orderByDescending
FN:688,_contains
FN:722,_thenBy
FN:736,thenByDescending
FN:757,_contains
FN:853,(anonymous_49)
FN:861,(anonymous_50)
FN:873,List
FN:885,(anonymous_52)
FN:898,(anonymous_53)
FN:908,(anonymous_54)
FN:919,(anonymous_55)
FN:931,(anonymous_56)
FN:941,(anonymous_57)
FN:954,_repeat
FN:995,_extend
FN:997,_extension
FN:1004,createGroupedListDelegate
FNF:62
FNH:61
FNDA:1,_copyWithin
FNDA:2,_concat
FNDA:1,_distinct
FNDA:3,_except
FNDA:1,_fill
FNDA:2,_filter
FNDA:1,_groupBy
FNDA:1,_groupByDescending
FNDA:1,_groupJoin
FNDA:3,_intersect
FNDA:1,_intersperse
FNDA:1,_join
FNDA:4,_map
FNDA:1,_ofType
FNDA:1,_prepend
FNDA:1,_reverse
FNDA:2,_skip
FNDA:3,_skipWhile
FNDA:1,_take
FNDA:2,_takeWhile
FNDA:1,_union
FNDA:1,_zip
FNDA:2,_all
FNDA:2,_any
FNDA:2,_count
FNDA:1,_equals
FNDA:1,_findIndex
FNDA:1,_findLastIndex
FNDA:2,_first
FNDA:1,_foldl
FNDA:1,_foldr
FNDA:2,_isEmpty
FNDA:2,_last
FNDA:1,_reduceRight
FNDA:1,_toArray
FNDA:2,_toEvaluatedList
FNDA:2,_toMap
FNDA:10,_map
FNDA:1,_toSet
FNDA:6,_toString
FNDA:1,_valueOf
FNDA:46,_of
FNDA:182,_iterator
FNDA:5,_orderBy
FNDA:1,_orderByDescending
FNDA:4,_contains
FNDA:1,_thenBy
FNDA:1,thenByDescending
FNDA:2,_contains
FNDA:100,(anonymous_49)
FNDA:1,(anonymous_50)
FNDA:101,List
FNDA:24,(anonymous_52)
FNDA:1,(anonymous_53)
FNDA:2,(anonymous_54)
FNDA:1,(anonymous_55)
FNDA:0,(anonymous_56)
FNDA:6,(anonymous_57)
FNDA:1,_repeat
FNDA:1,_extend
FNDA:1,_extension
FNDA:93,createGroupedListDelegate
DA:64,1
DA:74,252
DA:87,1
DA:101,2
DA:112,1
DA:131,3
DA:144,1
DA:155,2
DA:167,1
DA:168,1
DA:180,1
DA:181,1
DA:202,1
DA:220,3
DA:231,1
DA:251,1
DA:262,4
DA:273,1
DA:284,1
DA:294,1
DA:309,2
DA:320,3
DA:331,1
DA:342,2
DA:359,1
DA:376,1
DA:387,2
DA:398,2
DA:409,2
DA:421,1
DA:432,1
DA:443,1
DA:454,2
DA:466,1
DA:478,1
DA:488,2
DA:499,2
DA:511,1
DA:521,1
DA:538,2
DA:548,2
DA:549,10
DA:560,1
DA:585,6
DA:586,6
DA:597,1
DA:619,46
DA:631,182
DA:632,182
DA:633,920
DA:638,1
DA:650,1
DA:661,5
DA:662,5
DA:675,1
DA:676,1
DA:689,4
DA:703,1
DA:723,1
DA:724,1
DA:737,1
DA:738,1
DA:758,2
DA:845,1
DA:853,100
DA:861,1
DA:874,101
DA:885,24
DA:895,1
DA:898,1
DA:908,2
DA:919,1
DA:931,1
DA:941,6
DA:954,1
DA:955,1
DA:995,1
DA:996,1
DA:997,1
DA:998,1
DA:1001,1
DA:1005,93
DA:1017,1
DA:1018,1
DA:1019,1
DA:1032,1
LF:86
LH:86
BRDA:319,0,0,0
BRDA:341,1,0,0
BRDA:386,2,0,0
BRDA:397,3,0,0
BRDA:421,4,0,1
BRDA:421,4,1,1
BRDA:453,5,0,1
BRDA:498,6,0,1
BRDA:585,7,0,2
BRDA:585,7,1,4
BRDA:660,8,0,3
BRDA:674,9,0,1
BRDA:722,10,0,1
BRDA:736,11,0,1
BRDA:853,12,0,70
BRDA:853,12,1,30
BRDA:853,13,0,100
BRDA:853,13,1,89
BRDA:898,14,0,1
BRDA:996,15,0,1
BRDA:996,15,1,0
BRDA:996,16,0,1
BRDA:996,16,1,1
BRF:23
BRH:18
end_of_record
TN:
SF:C:\Repo\Github\pointfree-js\src\containers\functors\maybe_functor.js
FN:10,fromNullable
FN:20,Maybe
FN:52,_of
FN:74,(anonymous_3)
FN:89,(anonymous_4)
FN:97,(anonymous_5)
FN:105,(anonymous_6)
FN:125,Just
FN:147,_of
FN:169,(anonymous_9)
FN:176,Nothing
FN:205,(anonymous_11)
FN:247,_toString
FNF:13
FNH:13
FNDA:2,fromNullable
FNDA:54,Maybe
FNDA:24,_of
FNDA:9,(anonymous_3)
FNDA:10,(anonymous_4)
FNDA:4,(anonymous_5)
FNDA:4,(anonymous_6)
FNDA:19,Just
FNDA:11,_of
FNDA:9,(anonymous_9)
FNDA:19,Nothing
FNDA:9,(anonymous_11)
FNDA:1,_toString
DA:11,2
DA:21,54
DA:52,1
DA:53,24
DA:74,9
DA:82,1
DA:89,10
DA:97,4
DA:105,4
DA:113,1
DA:126,19
DA:147,1
DA:148,11
DA:169,9
DA:177,19
DA:197,1
DA:205,9
DA:215,1
DA:217,87
DA:234,1
DA:236,1
DA:238,29
DA:248,1
DA:257,1
DA:270,1
DA:271,1
LF:26
LH:26
BRDA:11,0,0,1
BRDA:11,0,1,1
BRDA:21,1,0,23
BRDA:21,1,1,31
BRDA:74,2,0,9
BRDA:74,2,1,8
BRF:6
BRH:6
end_of_record
TN:
SF:C:\Repo\Github\pointfree-js\src\containers\functors\validation_functor.js
FN:3,Validation
FN:11,_of
FN:21,(anonymous_2)
FN:24,_map
FNF:4
FNH:1
FNDA:14,Validation
FNDA:0,_of
FNDA:0,(anonymous_2)
FNDA:0,_map
DA:4,14
DA:11,1
DA:12,0
DA:21,1
DA:23,1
DA:25,0
DA:38,1
DA:51,1
DA:62,1
LF:9
LH:7
BRF:0
BRH:0
end_of_record
TN:
SF:C:\Repo\Github\pointfree-js\src\containers\monads\constant_monad.js
FN:4,Constant
FN:20,_of
FN:30,(anonymous_2)
FN:34,_chain
FN:39,_fold
FN:44,_sequence
FN:49,_traverse
FNF:7
FNH:7
FNDA:88,Constant
FNDA:31,_of
FNDA:7,(anonymous_2)
FNDA:6,_chain
FNDA:1,_fold
FNDA:1,_sequence
FNDA:1,_traverse
DA:5,88
DA:20,1
DA:21,31
DA:30,7
DA:32,1
DA:35,6
DA:40,1
DA:45,1
DA:50,1
DA:63,1
DA:64,1
DA:66,1
DA:67,1
DA:68,1
DA:69,1
DA:70,1
DA:81,1
LF:17
LH:17
BRF:0
BRH:0
end_of_record
TN:
SF:C:\Repo\Github\pointfree-js\src\containers\monads\either_monad.js
FN:5,Either
FN:43,_of
FN:53,(anonymous_2)
FN:55,_left
FN:59,_right
FN:63,_isLeft
FN:67,_isRight
FN:71,Left
FN:81,(anonymous_8)
FN:89,(anonymous_9)
FN:91,Right
FN:101,(anonymous_11)
FN:109,(anonymous_12)
FN:120,_fold
FN:125,_sequence
FN:130,_traverse
FN:157,_fold
FN:162,_sequence
FN:167,_traverse
FNF:19
FNH:5
FNDA:45,Either
FNDA:0,_of
FNDA:0,(anonymous_2)
FNDA:0,_left
FNDA:0,_right
FNDA:0,_isLeft
FNDA:0,_isRight
FNDA:16,Left
FNDA:0,(anonymous_8)
FNDA:0,(anonymous_9)
FNDA:23,Right
FNDA:4,(anonymous_11)
FNDA:0,(anonymous_12)
FNDA:0,_fold
FNDA:0,_sequence
FNDA:1,_traverse
FNDA:0,_fold
FNDA:0,_sequence
FNDA:0,_traverse
DA:6,45
DA:43,1
DA:44,0
DA:53,1
DA:55,1
DA:56,0
DA:59,1
DA:60,0
DA:63,1
DA:64,0
DA:67,1
DA:68,0
DA:72,16
DA:81,1
DA:89,1
DA:92,23
DA:101,4
DA:109,1
DA:112,1
DA:121,0
DA:126,0
DA:131,1
DA:144,1
DA:145,1
DA:146,1
DA:149,1
DA:158,0
DA:163,0
DA:168,0
DA:181,1
DA:182,1
DA:183,1
DA:185,1
DA:186,1
DA:187,1
DA:188,1
DA:189,1
DA:190,1
DA:191,1
DA:192,1
DA:203,1
DA:204,1
LF:42
LH:32
BRDA:6,0,0,27
BRDA:6,0,1,18
BRDA:53,1,0,0
BRDA:53,1,1,0
BRF:4
BRH:2
end_of_record
TN:
SF:C:\Repo\Github\pointfree-js\src\containers\monads\future_monad.js
FN:5,safeFork
FN:6,_safeFork
FN:16,Future
FN:32,_of
FN:34,(anonymous_4)
FN:43,(anonymous_5)
FN:51,_reject
FN:52,(anonymous_7)
FN:55,_unit
FN:63,_chain
FN:64,(anonymous_10)
FN:67,(anonymous_11)
FN:67,(anonymous_12)
FN:70,(anonymous_13)
FN:75,_fold
FN:76,(anonymous_15)
FN:77,(anonymous_16)
FN:77,(anonymous_17)
FN:81,_traverse
FN:82,_reductioAdAbsurdum
FN:83,_map
FN:84,_map_
FNF:22
FNH:1
FNDA:0,safeFork
FNDA:0,_safeFork
FNDA:14,Future
FNDA:0,_of
FNDA:0,(anonymous_4)
FNDA:0,(anonymous_5)
FNDA:0,_reject
FNDA:0,(anonymous_7)
FNDA:0,_unit
FNDA:0,_chain
FNDA:0,(anonymous_10)
FNDA:0,(anonymous_11)
FNDA:0,(anonymous_12)
FNDA:0,(anonymous_13)
FNDA:0,_fold
FNDA:0,(anonymous_15)
FNDA:0,(anonymous_16)
FNDA:0,(anonymous_17)
FNDA:0,_traverse
FNDA:0,_reductioAdAbsurdum
FNDA:0,_map
FNDA:0,_map_
DA:6,0
DA:7,0
DA:8,0
DA:11,0
DA:17,14
DA:32,1
DA:33,0
DA:34,0
DA:43,1
DA:51,1
DA:52,0
DA:55,1
DA:56,0
DA:59,1
DA:64,0
DA:67,0
DA:68,0
DA:70,0
DA:76,0
DA:77,0
DA:82,0
DA:83,0
DA:84,0
DA:85,0
DA:88,0
DA:102,1
DA:103,1
DA:106,1
DA:107,1
DA:108,1
DA:109,1
DA:110,1
DA:121,1
LF:33
LH:14
BRDA:33,0,0,0
BRDA:33,0,1,0
BRDA:70,1,0,0
BRDA:70,1,1,0
BRF:4
BRH:0
end_of_record
TN:
SF:C:\Repo\Github\pointfree-js\src\containers\monads\identity_monad.js
FN:12,Identity
FN:28,_of
FN:38,(anonymous_2)
FN:45,_empty
FN:51,_fold
FN:56,_sequence
FN:61,_traverse
FN:66,_empty
FN:71,_getIsEmpty
FNF:9
FNH:6
FNDA:135,Identity
FNDA:56,_of
FNDA:7,(anonymous_2)
FNDA:0,_empty
FNDA:3,_fold
FNDA:1,_sequence
FNDA:4,_traverse
FNDA:0,_empty
FNDA:0,_getIsEmpty
DA:13,135
DA:28,1
DA:29,56
DA:38,7
DA:45,1
DA:46,0
DA:49,1
DA:52,3
DA:57,1
DA:62,4
DA:67,0
DA:72,0
DA:85,1
DA:86,1
DA:87,1
DA:89,1
DA:90,1
DA:91,1
DA:92,1
DA:93,1
DA:105,1
LF:21
LH:18
BRF:0
BRH:0
end_of_record
TN:
SF:C:\Repo\Github\pointfree-js\src\containers\monads\io_monad.js
FN:5,Io
FN:15,_of
FN:16,_wrapper
FN:25,(anonymous_3)
FN:29,_fold
FN:34,_traverse
FN:35,_reductioAdAbsurdum
FN:36,_map
FN:37,_map_
FNF:9
FNH:1
FNDA:14,Io
FNDA:0,_of
FNDA:0,_wrapper
FNDA:0,(anonymous_3)
FNDA:0,_fold
FNDA:0,_traverse
FNDA:0,_reductioAdAbsurdum
FNDA:0,_map
FNDA:0,_map_
DA:6,14
DA:15,1
DA:16,0
DA:25,1
DA:27,1
DA:30,0
DA:35,0
DA:36,0
DA:37,0
DA:38,0
DA:41,0
DA:55,1
DA:56,1
DA:57,1
DA:59,1
DA:60,1
DA:61,1
DA:62,1
DA:63,1
DA:74,1
LF:20
LH:13
BRDA:16,0,0,0
BRDA:16,0,1,0
BRF:2
BRH:0
end_of_record
TN:
SF:C:\Repo\Github\pointfree-js\src\containers\monads\list_monad.js
FN:14,(anonymous_0)
FN:22,(anonymous_1)
FN:34,List
FN:45,(anonymous_3)
FN:58,(anonymous_4)
FN:65,(anonymous_5)
FN:73,(anonymous_6)
FN:82,(anonymous_7)
FN:90,(anonymous_8)
FN:101,_repeat
FN:140,_extend
FN:145,_extension
FN:160,_chain
FN:165,_groupBy
FN:171,_groupByDescending
FN:177,_groupJoin
FN:182,_mjoin
FN:187,_fold
FN:192,_sequence
FN:197,_traverse
FN:198,_reduce
FN:199,(anonymous_21)
FN:199,(anonymous_22)
FN:239,_apply
FN:244,_of
FN:265,_chain
FN:270,_groupBy
FN:276,_groupByDescending
FN:282,_groupJoin
FN:287,_mjoin
FN:292,_fold
FN:297,_sequence
FN:302,_traverse
FN:303,(anonymous_33)
FN:304,(anonymous_34)
FN:304,(anonymous_35)
FN:308,_apply
FN:313,_of
FN:328,createGroupedListDelegate
FNF:39
FNH:3
FNDA:9,(anonymous_0)
FNDA:0,(anonymous_1)
FNDA:9,List
FNDA:0,(anonymous_3)
FNDA:0,(anonymous_4)
FNDA:0,(anonymous_5)
FNDA:0,(anonymous_6)
FNDA:0,(anonymous_7)
FNDA:0,(anonymous_8)
FNDA:0,_repeat
FNDA:0,_extend
FNDA:0,_extension
FNDA:0,_chain
FNDA:0,_groupBy
FNDA:0,_groupByDescending
FNDA:0,_groupJoin
FNDA:0,_mjoin
FNDA:0,_fold
FNDA:0,_sequence
FNDA:0,_traverse
FNDA:0,_reduce
FNDA:0,(anonymous_21)
FNDA:0,(anonymous_22)
FNDA:0,_apply
FNDA:2,_of
FNDA:0,_chain
FNDA:0,_groupBy
FNDA:0,_groupByDescending
FNDA:0,_groupJoin
FNDA:0,_mjoin
FNDA:0,_fold
FNDA:0,_sequence
FNDA:0,_traverse
FNDA:0,(anonymous_33)
FNDA:0,(anonymous_34)
FNDA:0,(anonymous_35)
FNDA:0,_apply
FNDA:0,_of
FNDA:0,createGroupedListDelegate
DA:14,9
DA:22,1
DA:35,9
DA:45,1
DA:55,1
DA:58,1
DA:65,1
DA:73,1
DA:82,1
DA:90,1
DA:101,1
DA:102,0
DA:140,1
DA:141,0
DA:145,0
DA:146,0
DA:149,0
DA:152,1
DA:161,0
DA:166,0
DA:167,0
DA:172,0
DA:173,0
DA:178,0
DA:183,0
DA:188,0
DA:193,0
DA:198,0
DA:199,0
DA:240,0
DA:245,2
DA:253,1
DA:254,1
DA:255,1
DA:256,1
DA:258,1
DA:266,0
DA:271,0
DA:272,0
DA:277,0
DA:278,0
DA:283,0
DA:288,0
DA:293,0
DA:298,0
DA:303,0
DA:304,0
DA:309,0
DA:314,0
DA:322,1
DA:323,1
DA:324,1
DA:325,1
DA:329,0
DA:331,1
DA:342,1
DA:343,1
LF:57
LH:26
BRDA:14,0,0,2
BRDA:14,0,1,7
BRDA:14,1,0,9
BRDA:14,1,1,7
BRDA:90,2,0,0
BRDA:90,2,1,0
BRDA:141,3,0,0
BRDA:141,3,1,0
BRDA:141,4,0,0
BRDA:141,4,1,0
BRF:10
BRH:4
end_of_record
TN:
SF:C:\Repo\Github\pointfree-js\src\containers\monads\maybe_monad.js
FN:5,Maybe
FN:41,_of
FN:63,(anonymous_2)
FN:65,_just
FN:69,_nothing
FN:95,(anonymous_5)
FN:107,(anonymous_6)
FN:117,_fold
FN:122,_sequence
FN:127,_traverse
FN:132,_nothing
FN:159,_fold
FN:164,_sequence
FN:169,_traverse
FN:174,_nothing
FNF:15
FNH:4
FNDA:13,Maybe
FNDA:26,_of
FNDA:0,(anonymous_2)
FNDA:15,_just
FNDA:16,_nothing
FNDA:0,(anonymous_5)
FNDA:0,(anonymous_6)
FNDA:0,_fold
FNDA:0,_sequence
FNDA:0,_traverse
FNDA:0,_nothing
FNDA:0,_fold
FNDA:0,_sequence
FNDA:0,_traverse
FNDA:0,_nothing
DA:6,13
DA:41,1
DA:42,26
DA:63,1
DA:65,1
DA:66,15
DA:69,1
DA:70,16
DA:85,1
DA:87,1
DA:95,1
DA:97,1
DA:99,1
DA:107,1
DA:109,1
DA:118,0
DA:123,0
DA:128,0
DA:133,0
DA:146,1
DA:147,1
DA:148,1
DA:151,1
DA:160,0
DA:165,0
DA:170,0
DA:175,0
DA:188,1
DA:189,1
DA:190,1
DA:192,1
DA:193,1
DA:194,1
DA:195,1
DA:196,1
DA:198,1
DA:199,1
DA:200,1
DA:201,1
DA:202,1
DA:213,1
DA:214,1
LF:42
LH:34
BRDA:6,0,0,2
BRDA:6,0,1,11
BRDA:63,1,0,0
BRDA:63,1,1,0
BRF:4
BRH:2
end_of_record
TN:
SF:C:\Repo\Github\pointfree-js\src\containers\monads\monads.js
FNF:0
FNH:0
DA:81,1
DA:82,1
DA:83,1
DA:84,1
DA:85,1
DA:86,1
DA:87,1
DA:88,1
DA:89,1
DA:90,1
DA:92,1
DA:93,1
DA:94,1
DA:95,1
DA:96,1
DA:97,1
DA:98,1
DA:99,1
DA:100,1
DA:101,1
DA:103,1
DA:104,1
DA:105,1
DA:106,1
DA:107,1
DA:108,1
DA:109,1
DA:110,1
DA:111,1
DA:112,1
DA:114,1
DA:115,1
DA:116,1
DA:117,1
DA:118,1
DA:119,1
DA:120,1
DA:121,1
DA:122,1
DA:123,1
DA:125,1
DA:126,1
DA:127,1
DA:128,1
DA:129,1
DA:130,1
DA:131,1
DA:132,1
DA:133,1
DA:134,1
DA:136,1
DA:137,1
DA:138,1
DA:139,1
DA:140,1
DA:141,1
DA:142,1
DA:143,1
DA:145,1
DA:146,1
DA:147,1
DA:148,1
DA:149,1
DA:150,1
DA:151,1
DA:152,1
DA:154,1
DA:155,1
DA:156,1
DA:157,1
DA:158,1
DA:159,1
DA:160,1
DA:161,1
DA:162,1
DA:164,1
DA:165,1
DA:166,1
DA:167,1
DA:168,1
DA:169,1
DA:170,1
DA:171,1
DA:172,1
DA:174,1
DA:175,1
DA:176,1
DA:177,1
DA:178,1
DA:179,1
DA:180,1
DA:181,1
DA:182,1
DA:183,1
DA:185,1
DA:186,1
DA:187,1
DA:188,1
DA:189,1
DA:190,1
DA:191,1
DA:192,1
DA:194,1
DA:195,1
DA:196,1
DA:197,1
DA:198,1
DA:199,1
DA:200,1
DA:201,1
DA:202,1
DA:203,1
DA:206,1
DA:207,1
DA:208,1
DA:209,1
DA:210,1
DA:211,1
DA:212,1
DA:213,1
DA:214,1
DA:215,1
DA:216,1
DA:217,1
DA:220,1
LF:125
LH:125
BRF:0
BRH:0
end_of_record
TN:
SF:C:\Repo\Github\pointfree-js\src\containers\monads\validation_monad.js
FN:4,Validation
FN:14,_of
FN:24,(anonymous_2)
FNF:3
FNH:1
FNDA:14,Validation
FNDA:0,_of
FNDA:0,(anonymous_2)
DA:5,14
DA:14,1
DA:15,0
DA:24,1
DA:26,1
DA:37,1
DA:38,1
DA:39,1
DA:50,1
LF:9
LH:8
BRF:0
BRH:0
end_of_record
TN:
SF:C:\Repo\Github\pointfree-js\src\groups\group_factory.js
FN:22,groupFactory
FN:31,_internalGroupCreator
FN:70,_toString
FN:75,_getConcatFn
FN:78,_setConcatFn
FN:83,_getInverseConcatFn
FN:86,_setInverseConcatFn
FN:103,_group
FN:176,_toString
FN:181,_getConcatFn
FN:185,_setConcatFn
FN:190,_getInverseConcatFn
FN:193,_setInverseConcatFn
FN:209,toString
FN:221,_concat
FN:233,_concatAll
FN:234,(anonymous_16)
FN:235,(anonymous_17)
FN:245,_inverseConcat
FN:257,_inverseConcatAll
FN:258,(anonymous_20)
FN:259,(anonymous_21)
FN:268,_undo
FN:281,_identity
FN:318,_valueOf
FN:326,structure
FN:329,_concat
FN:331,_map
FN:336,_map
FN:341,_toString
FNF:30
FNH:22
FNDA:10,groupFactory
FNDA:294,_internalGroupCreator
FNDA:9,_toString
FNDA:135,_getConcatFn
FNDA:0,_setConcatFn
FNDA:42,_getInverseConcatFn
FNDA:0,_setInverseConcatFn
FNDA:130,_group
FNDA:18,_toString
FNDA:87,_getConcatFn
FNDA:9,_setConcatFn
FNDA:30,_getInverseConcatFn
FNDA:0,_setInverseConcatFn
FNDA:27,toString
FNDA:106,_concat
FNDA:27,_concatAll
FNDA:96,(anonymous_16)
FNDA:87,(anonymous_17)
FNDA:18,_inverseConcat
FNDA:18,_inverseConcatAll
FNDA:66,(anonymous_20)
FNDA:60,(anonymous_21)
FNDA:92,_undo
FNDA:9,_identity
FNDA:50,_valueOf
FNDA:0,structure
FNDA:0,_concat
FNDA:0,_map
FNDA:0,_map
FNDA:0,_toString
DA:4,1
DA:32,294
DA:71,9
DA:76,135
DA:79,0
DA:84,42
DA:87,0
DA:104,130
DA:177,18
DA:182,87
DA:183,87
DA:186,9
DA:191,30
DA:194,0
DA:210,27
DA:222,106
DA:223,66
DA:234,96
DA:235,87
DA:246,18
DA:247,12
DA:258,66
DA:259,60
DA:269,92
DA:270,69
DA:271,69
DA:273,23
DA:281,10
DA:282,9
DA:283,9
DA:284,9
DA:292,10
DA:299,10
DA:301,10
DA:311,1
DA:313,1094
DA:316,230
DA:319,50
DA:327,0
DA:330,0
DA:331,0
DA:332,0
DA:337,0
DA:339,0
DA:342,0
LF:45
LH:35
BRDA:71,0,0,9
BRDA:71,0,1,0
BRDA:76,1,0,0
BRDA:76,1,1,135
BRDA:84,2,0,0
BRDA:84,2,1,42
BRDA:183,3,0,12
BRDA:183,3,1,75
BRDA:191,4,0,0
BRDA:191,4,1,30
BRDA:210,5,0,3
BRDA:210,5,1,24
BRDA:211,6,0,3
BRDA:211,6,1,21
BRDA:222,7,0,40
BRDA:222,7,1,66
BRDA:222,8,0,106
BRDA:222,8,1,66
BRDA:234,9,0,96
BRDA:234,9,1,87
BRDA:234,9,2,87
BRDA:246,10,0,6
BRDA:246,10,1,12
BRDA:246,11,0,18
BRDA:246,11,1,12
BRDA:258,12,0,66
BRDA:258,12,1,60
BRDA:269,13,0,69
BRDA:269,13,1,23
BRDA:269,14,0,92
BRDA:269,14,1,69
BRDA:334,15,0,0
BRDA:334,15,1,0
BRF:33
BRH:27
end_of_record
TN:
SF:C:\Repo\Github\pointfree-js\src\groups\groups.js
FN:3,(anonymous_0)
FN:5,(anonymous_1)
FN:8,(anonymous_2)
FN:8,(anonymous_3)
FN:8,(anonymous_4)
FN:10,(anonymous_5)
FN:10,(anonymous_6)
FN:10,(anonymous_7)
FN:12,(anonymous_8)
FN:12,(anonymous_9)
FN:12,(anonymous_10)
FN:14,(anonymous_11)
FN:14,(anonymous_12)
FN:16,(anonymous_13)
FN:19,(anonymous_14)
FN:21,(anonymous_15)
FN:21,(anonymous_16)
FN:23,_all
FN:28,(anonymous_18)
FN:28,(anonymous_19)
FN:30,(anonymous_20)
FN:30,(anonymous_21)
FN:32,_firstConcat
FNF:23
FNH:8
FNDA:9,(anonymous_0)
FNDA:0,(anonymous_1)
FNDA:120,(anonymous_2)
FNDA:46,(anonymous_3)
FNDA:84,(anonymous_4)
FNDA:81,(anonymous_5)
FNDA:26,(anonymous_6)
FNDA:54,(anonymous_7)
FNDA:0,(anonymous_8)
FNDA:0,(anonymous_9)
FNDA:0,(anonymous_10)
FNDA:0,(anonymous_11)
FNDA:3,(anonymous_12)
FNDA:0,(anonymous_13)
FNDA:0,(anonymous_14)
FNDA:0,(anonymous_15)
FNDA:0,(anonymous_16)
FNDA:0,_all
FNDA:0,(anonymous_18)
FNDA:0,(anonymous_19)
FNDA:0,(anonymous_20)
FNDA:0,(anonymous_21)
FNDA:0,_firstConcat
DA:3,9
DA:5,1
DA:8,120
DA:10,81
DA:12,1
DA:14,3
DA:16,1
DA:19,1
DA:21,1
DA:24,0
DA:28,1
DA:30,1
DA:32,1
DA:33,0
LF:14
LH:12
BRDA:5,0,0,0
BRDA:5,0,1,0
BRDA:5,0,2,0
BRDA:5,0,3,0
BRDA:21,1,0,0
BRDA:21,1,1,0
BRDA:24,2,0,0
BRDA:24,2,1,0
BRF:8
BRH:0
end_of_record
TN:
SF:C:\Repo\Github\pointfree-js\src\groups\monoidFactory.js
FN:15,monoidFactory
FN:22,_monoid
FN:32,_getValue
FN:42,_concat
FN:53,_concatAll
FN:54,_filterEmpty
FN:56,_concatAll
FN:81,_toString
FN:93,toString
FN:104,_empty
FN:111,monadMonoid
FN:114,_getIsEmpty
FN:119,_concat
FN:125,_concatAll
FN:126,_filterEmpty
FN:128,_concatAll
FN:139,structure
FN:142,_concat
FN:144,_map
FN:149,_map
FN:154,_toString
FN:175,_concatAll
FN:176,_filterEmpty
FN:178,_concatAll
FN:187,_toString
FNF:25
FNH:7
FNDA:9,monoidFactory
FNDA:250,_monoid
FNDA:580,_getValue
FNDA:200,_concat
FNDA:0,_concatAll
FNDA:0,_filterEmpty
FNDA:0,_concatAll
FNDA:133,_toString
FNDA:133,toString
FNDA:18,_empty
FNDA:0,monadMonoid
FNDA:0,_getIsEmpty
FNDA:0,_concat
FNDA:0,_concatAll
FNDA:0,_filterEmpty
FNDA:0,_concatAll
FNDA:0,structure
FNDA:0,_concat
FNDA:0,_map
FNDA:0,_map
FNDA:0,_toString
FNDA:0,_concatAll
FNDA:0,_filterEmpty
FNDA:0,_concatAll
FNDA:0,_toString
DA:1,1
DA:23,250
DA:33,580
DA:43,200
DA:54,0
DA:55,0
DA:57,0
DA:82,133
DA:94,133
DA:95,125
DA:96,123
DA:104,9
DA:105,18
DA:108,9
DA:112,0
DA:115,0
DA:120,0
DA:126,0
DA:127,0
DA:129,0
DA:140,0
DA:143,0
DA:144,0
DA:145,0
DA:150,0
DA:152,0
DA:155,0
DA:160,1
DA:167,0
DA:176,0
DA:177,0
DA:179,0
DA:188,0
LF:33
LH:12
BRDA:33,0,0,8
BRDA:33,0,1,572
BRDA:43,1,0,23
BRDA:43,1,1,177
BRDA:44,2,0,85
BRDA:44,2,1,92
BRDA:94,3,0,8
BRDA:94,3,1,125
BRDA:95,4,0,2
BRDA:95,4,1,123
BRDA:120,5,0,0
BRDA:120,5,1,0
BRDA:121,6,0,0
BRDA:121,6,1,0
BRDA:147,7,0,0
BRDA:147,7,1,0
BRDA:167,8,0,0
BRDA:167,8,1,0
BRF:18
BRH:10
end_of_record
TN:
SF:C:\Repo\Github\pointfree-js\src\streams\observable.js
FN:26,_setSource
FN:30,_setOperator
FN:40,_map
FN:51,_deepMap
FN:60,_filter
FN:73,_groupBy
FN:82,_merge
FN:93,_itemBuffer
FN:102,_timeBuffer
FN:111,_debounce
FN:120,lift
FN:130,_fromEvent
FN:134,_subscribe
FN:138,eventHandler
FN:142,unSub
FN:159,_fromList
FN:163,_subscribe
FN:164,unSub
FN:168,_runner
FN:172,_resolve
FN:185,_callRunner
FN:248,_fromArray
FN:257,_fromGenerator
FN:260,_subscribe
FN:262,_runner
FN:265,_then
FN:287,_from
FN:303,_subscribe
FN:314,_onValue
FNF:29
FNH:21
FNDA:14,_setSource
FNDA:14,_setOperator
FNDA:3,_map
FNDA:1,_deepMap
FNDA:2,_filter
FNDA:2,_groupBy
FNDA:2,_merge
FNDA:1,_itemBuffer
FNDA:1,_timeBuffer
FNDA:1,_debounce
FNDA:14,lift
FNDA:1,_fromEvent
FNDA:0,_subscribe
FNDA:0,eventHandler
FNDA:0,unSub
FNDA:5,_fromList
FNDA:1,_subscribe
FNDA:1,unSub
FNDA:6,_runner
FNDA:5,_resolve
FNDA:1,_callRunner
FNDA:0,_fromArray
FNDA:1,_fromGenerator
FNDA:0,_subscribe
FNDA:0,_runner
FNDA:0,_then
FNDA:2,_from
FNDA:1,_subscribe
FNDA:0,_onValue
DA:13,1
DA:15,12
DA:18,21
DA:21,9
DA:24,14
DA:27,14
DA:28,14
DA:31,14
DA:32,14
DA:41,3
DA:42,0
DA:43,3
DA:52,1
DA:61,2
DA:62,0
DA:63,2
DA:74,2
DA:83,2
DA:84,0
DA:85,2
DA:94,1
DA:103,1
DA:112,1
DA:121,14
DA:131,1
DA:132,1
DA:133,1
DA:134,1
DA:135,0
DA:136,0
DA:139,0
DA:143,0
DA:144,0
DA:146,0
DA:147,0
DA:148,0
DA:150,1
DA:160,5
DA:161,5
DA:162,5
DA:163,5
DA:165,1
DA:168,1
DA:169,6
DA:171,5
DA:173,5
DA:174,5
DA:178,1
DA:179,1
DA:180,1
DA:184,1
DA:186,1
DA:189,1
DA:190,1
DA:246,5
DA:258,1
DA:259,1
DA:260,1
DA:261,0
DA:262,0
DA:263,0
DA:264,0
DA:266,0
DA:267,0
DA:268,0
DA:269,0
DA:273,0
DA:274,0
DA:276,0
DA:279,1
DA:288,2
DA:289,2
DA:304,1
DA:305,1
DA:306,1
DA:315,0
DA:316,0
DA:317,0
LF:78
LH:53
BRDA:41,0,0,0
BRDA:41,0,1,3
BRDA:61,1,0,0
BRDA:61,1,1,2
BRDA:73,2,0,2
BRDA:83,3,0,0
BRDA:83,3,1,2
BRDA:159,4,0,3
BRDA:169,5,0,5
BRDA:169,5,1,1
BRDA:169,6,0,6
BRDA:169,6,1,6
BRDA:169,6,2,6
BRDA:248,7,0,0
BRDA:263,8,0,0
BRDA:263,8,1,0
BRDA:263,9,0,0
BRDA:263,9,1,0
BRDA:263,9,2,0
BRDA:266,10,0,0
BRDA:266,10,1,0
BRDA:267,11,0,0
BRDA:267,11,1,0
BRDA:273,12,0,0
BRDA:273,12,1,0
BRDA:288,13,0,0
BRDA:288,13,1,2
BRDA:289,14,0,2
BRDA:289,14,1,0
BRDA:305,15,0,1
BRDA:305,15,1,0
BRDA:316,16,0,0
BRDA:316,16,1,0
BRF:33
BRH:13
end_of_record
TN:
SF:C:\Repo\Github\pointfree-js\src\streams\streamOperators\chainOperator.js
FN:10,_init
FN:14,_subscribe
FNF:2
FNH:1
FNDA:1,_init
FNDA:0,_subscribe
DA:3,1
DA:5,0
DA:8,1
DA:11,1
DA:12,1
DA:15,0
LF:6
LH:4
BRF:0
BRH:0
end_of_record
TN:
SF:C:\Repo\Github\pointfree-js\src\streams\streamOperators\debounceOperator.js
FN:4,_init
FN:8,_subscribe
FNF:2
FNH:1
FNDA:1,_init
FNDA:0,_subscribe
DA:3,1
DA:5,1
DA:6,1
DA:9,0
LF:4
LH:3
BRF:0
BRH:0
end_of_record
TN:
SF:C:\Repo\Github\pointfree-js\src\streams\streamOperators\filterOperator.js
FN:10,_init
FN:14,_subscribe
FNF:2
FNH:1
FNDA:2,_init
FNDA:0,_subscribe
DA:3,1
DA:5,0
DA:8,2
DA:11,2
DA:12,2
DA:15,0
LF:6
LH:4
BRF:0
BRH:0
end_of_record
TN:
SF:C:\Repo\Github\pointfree-js\src\streams\streamOperators\groupByOperator.js
FN:22,_init
FN:28,_subscribe
FNF:2
FNH:1
FNDA:2,_init
FNDA:0,_subscribe
DA:3,1
DA:5,0
DA:8,2
DA:11,0
DA:14,2
DA:17,0
DA:20,2
DA:23,2
DA:24,2
DA:25,2
DA:26,2
DA:29,0
LF:12
LH:8
BRDA:17,0,0,0
BRDA:17,0,1,0
BRF:2
BRH:0
end_of_record
TN:
SF:C:\Repo\Github\pointfree-js\src\streams\streamOperators\itemBufferOperator.js
FN:4,_init
FN:8,_subscribe
FNF:2
FNH:1
FNDA:1,_init
FNDA:0,_subscribe
DA:3,1
DA:5,1
DA:6,1
DA:9,0
LF:4
LH:3
BRF:0
BRH:0
end_of_record
TN:
SF:C:\Repo\Github\pointfree-js\src\streams\streamOperators\mapOperator.js
FN:10,_init
FN:14,_subscribe
FNF:2
FNH:2
FNDA:3,_init
FNDA:1,_subscribe
DA:3,1
DA:5,1
DA:8,3
DA:11,3
DA:12,3
DA:15,1
LF:6
LH:6
BRF:0
BRH:0
end_of_record
TN:
SF:C:\Repo\Github\pointfree-js\src\streams\streamOperators\mergeOperator.js
FN:10,_init
FN:14,_subscribe
FNF:2
FNH:1
FNDA:2,_init
FNDA:0,_subscribe
DA:3,1
DA:5,0
DA:8,2
DA:11,2
DA:12,2
DA:15,0
LF:6
LH:4
BRDA:5,0,0,0
BRDA:5,0,1,0
BRF:2
BRH:0
end_of_record
TN:
SF:C:\Repo\Github\pointfree-js\src\streams\streamOperators\operators.js
FNF:0
FNH:0
LF:0
LH:0
BRF:0
BRH:0
end_of_record
TN:
SF:C:\Repo\Github\pointfree-js\src\streams\streamOperators\timeBufferOperator.js
FN:4,_init
FN:8,_subscribe
FNF:2
FNH:1
FNDA:1,_init
FNDA:0,_subscribe
DA:3,1
DA:5,1
DA:6,1
DA:9,0
LF:4
LH:3
BRF:0
BRH:0
end_of_record
TN:
SF:C:\Repo\Github\pointfree-js\src\streams\subscribers\chainSubscriber.js
FN:5,_next
FN:17,recursiveMap
FN:32,_init
FNF:3
FNH:0
FNDA:0,_next
FNDA:0,recursiveMap
FNDA:0,_init
DA:3,1
DA:7,0
DA:8,0
DA:11,0
DA:12,0
DA:14,0
DA:18,0
DA:19,0
DA:20,0
DA:21,0
DA:23,0
DA:25,0
DA:33,0
DA:34,0
DA:35,0
LF:15
LH:1
BRDA:18,0,0,0
BRDA:18,0,1,0
BRF:2
BRH:0
end_of_record
TN:
SF:C:\Repo\Github\pointfree-js\src\streams\subscribers\debounceSubscriber.js
FN:6,_next
FN:14,_init
FN:24,_getTimeoutFunc
FN:25,timeoutFunc
FN:41,_cleanUp
FN:48,_tearDownTimeout
FNF:6
FNH:0
FNDA:0,_next
FNDA:0,_init
FNDA:0,_getTimeoutFunc
FNDA:0,timeoutFunc
FNDA:0,_cleanUp
FNDA:0,_tearDownTimeout
DA:4,1
DA:7,0
DA:8,0
DA:9,0
DA:10,0
DA:15,0
DA:16,0
DA:17,0
DA:18,0
DA:19,0
DA:20,0
DA:25,0
DA:26,0
DA:27,0
DA:28,0
DA:29,0
DA:30,0
DA:31,0
DA:34,0
DA:35,0
DA:42,0
DA:43,0
DA:44,0
DA:49,0
DA:50,0
DA:51,0
LF:26
LH:1
BRDA:7,0,0,0
BRDA:7,0,1,0
BRDA:27,1,0,0
BRDA:27,1,1,0
BRDA:49,2,0,0
BRDA:49,2,1,0
BRDA:49,3,0,0
BRDA:49,3,1,0
BRF:8
BRH:0
end_of_record
TN:
SF:C:\Repo\Github\pointfree-js\src\streams\subscribers\filterSubscriber.js
FN:5,_next
FN:19,_init
FNF:2
FNH:0
FNDA:0,_next
FNDA:0,_init
DA:3,1
DA:6,0
DA:7,0
DA:8,0
DA:12,0
DA:20,0
DA:21,0
DA:22,0
LF:8
LH:1
BRDA:7,0,0,0
BRDA:7,0,1,0
BRF:2
BRH:0
end_of_record
TN:
SF:C:\Repo\Github\pointfree-js\src\streams\subscribers\groupBySubscriber.js
FN:6,_next
FN:23,_init
FN:36,groupData
FN:40,_groupSortedData
FN:42,_createGroupsByFields
FN:51,findGroup
FN:53,_findGroup
FNF:7
FNH:0
FNDA:0,_next
FNDA:0,_init
FNDA:0,groupData
FNDA:0,_groupSortedData
FNDA:0,_createGroupsByFields
FNDA:0,findGroup
FNDA:0,_findGroup
DA:4,1
DA:7,0
DA:8,0
DA:9,0
DA:10,0
DA:11,0
DA:14,0
DA:17,0
DA:24,0
DA:25,0
DA:26,0
DA:27,0
DA:28,0
DA:29,0
DA:37,0
DA:38,0
DA:40,0
DA:41,0
DA:42,0
DA:43,0
DA:45,0
DA:48,0
DA:53,0
DA:54,0
DA:55,0
DA:56,0
DA:59,0
DA:61,0
DA:62,0
DA:63,0
DA:64,0
LF:31
LH:1
BRDA:7,0,0,0
BRDA:7,0,1,0
BRDA:53,1,0,0
BRDA:53,1,1,0
BRDA:54,2,0,0
BRDA:54,2,1,0
BRF:6
BRH:0
end_of_record
TN:
SF:C:\Repo\Github\pointfree-js\src\streams\subscribers\itemBufferSubscriber.js
FN:5,_next
FN:8,_mapBuffer
FN:16,_init
FNF:3
FNH:0
FNDA:0,_next
FNDA:0,_mapBuffer
FNDA:0,_init
DA:3,1
DA:6,0
DA:7,0
DA:8,0
DA:9,0
DA:17,0
DA:18,0
DA:19,0
DA:20,0
LF:9
LH:1
BRDA:7,0,0,0
BRDA:7,0,1,0
BRF:2
BRH:0
end_of_record
TN:
SF:C:\Repo\Github\pointfree-js\src\streams\subscribers\mapSubscriber.js
FN:5,_next
FN:20,_init
FNF:2
FNH:2
FNDA:5,_next
FNDA:1,_init
DA:3,1
DA:7,5
DA:8,5
DA:11,0
DA:12,0
DA:14,5
DA:21,1
DA:22,1
DA:23,1
LF:9
LH:7
BRF:0
BRH:0
end_of_record
TN:
SF:C:\Repo\Github\pointfree-js\src\streams\subscribers\mergeSubscriber.js
FN:5,_next
FN:24,_init
FN:26,_subscribeToEach
FNF:3
FNH:0
FNDA:0,_next
FNDA:0,_init
FNDA:0,_subscribeToEach
DA:3,1
DA:6,0
DA:8,0
DA:9,0
DA:12,0
DA:13,0
DA:16,0
DA:18,0
DA:25,0
DA:26,0
DA:27,0
DA:29,0
DA:30,0
LF:13
LH:1
BRDA:6,0,0,0
BRDA:6,0,1,0
BRF:2
BRH:0
end_of_record
TN:
SF:C:\Repo\Github\pointfree-js\src\streams\subscribers\subscriber.js
FN:28,_statusValues
FN:43,_removeSubscriber
FN:53,_removeSubscription
FN:55,_findSubscriber
FN:65,_removeSubscriptions
FN:75,_next
FN:80,_error
FN:84,_complete
FN:88,_initialize
FN:92,_then
FN:108,_onError
FN:112,_onComplete
FN:116,_unsubscribe
FNF:13
FNH:5
FNDA:16,_statusValues
FNDA:0,_removeSubscriber
FNDA:0,_removeSubscription
FNDA:0,_findSubscriber
FNDA:0,_removeSubscriptions
FNDA:5,_next
FNDA:0,_error
FNDA:1,_complete
FNDA:2,_initialize
FNDA:0,_then
FNDA:0,_onError
FNDA:0,_onComplete
FNDA:1,_unsubscribe
DA:22,1
DA:24,13
DA:27,4
DA:28,16
DA:33,5
DA:36,7
DA:44,0
DA:45,0
DA:54,0
DA:55,0
DA:56,0
DA:66,0
DA:67,0
DA:76,5
DA:77,5
DA:81,0
DA:82,0
DA:85,1
DA:86,1
DA:89,2
DA:90,2
DA:91,2
DA:92,2
DA:93,0
DA:96,2
DA:97,1
DA:98,1
DA:99,1
DA:101,1
DA:106,1
DA:109,0
DA:110,0
DA:113,0
DA:114,0
DA:117,1
DA:118,1
DA:119,1
DA:120,0
DA:121,0
DA:122,0
DA:125,1
DA:126,1
DA:127,1
DA:128,1
LF:44
LH:27
BRDA:24,0,0,13
BRDA:24,0,1,0
BRDA:27,1,0,4
BRDA:27,1,1,0
BRDA:33,2,0,5
BRDA:33,2,1,1
BRDA:36,3,0,7
BRDA:36,3,1,2
BRDA:54,4,0,0
BRDA:54,4,1,0
BRDA:86,5,0,1
BRDA:86,5,1,0
BRDA:86,6,0,1
BRDA:86,6,1,1
BRDA:96,7,0,1
BRDA:96,7,1,1
BRDA:98,8,0,1
BRDA:98,8,1,0
BRDA:117,9,0,0
BRDA:117,9,1,1
BRDA:119,10,0,0
BRDA:119,10,1,1
BRDA:119,11,0,1
BRDA:119,11,1,1
BRDA:127,12,0,0
BRDA:127,12,1,1
BRF:26
BRH:17
end_of_record
TN:
SF:C:\Repo\Github\pointfree-js\src\streams\subscribers\timeBufferSubscriber.js
FN:5,_getId
FN:8,_setId
FN:13,_next
FN:20,_init
FN:25,_interval
FN:30,_mapBuffer
FN:42,_cleanUp
FNF:7
FNH:0
FNDA:0,_getId
FNDA:0,_setId
FNDA:0,_next
FNDA:0,_init
FNDA:0,_interval
FNDA:0,_mapBuffer
FNDA:0,_cleanUp
DA:3,1
DA:6,0
DA:9,0
DA:14,0
DA:21,0
DA:22,0
DA:23,0
DA:26,0
DA:30,0
DA:31,0
DA:35,0
DA:36,0
DA:43,0
DA:44,0
LF:14
LH:1
BRDA:6,0,0,0
BRDA:6,0,1,0
BRDA:26,1,0,0
BRDA:26,1,1,0
BRF:4
BRH:0
end_of_record
TN:
SF:C:\Repo\Github\pointfree-js\test\testData.js
FN:148,_length
FNF:1
FNH:0
FNDA:0,_length
DA:1,1
DA:149,0
DA:150,0
DA:152,0
LF:4
LH:1
BRDA:149,0,0,0
BRDA:149,0,1,0
BRF:2
BRH:0
end_of_record
TN:
SF:C:\Repo\Github\pointfree-js\test\test_helper.js
FNF:0
FNH:0
DA:1,2
DA:2,2
DA:3,2
DA:4,2
DA:5,2
DA:6,2
DA:7,2
LF:7
LH:7
BRF:0
BRH:0
end_of_record
TN:
SF:C:\Repo\Github\pointfree-js\test\unit\combinators.spec.js
FN:7,_testCombinators
FN:8,_testAll
FN:9,one
FN:10,two
FN:12,_testAllReturnsTrue
FN:16,_testAllReturnsFalse
FN:21,_testAny
FN:22,one
FN:23,two
FN:25,_testAnyReturnsTrue
FN:29,_testAnyReturnsFalse
FN:34,_testC_Combinator
FN:35,_testC_CombinatorAppliesArgsCorrectly
FN:36,one
FN:37,_one
FN:41,two
FN:47,_testReverse
FN:48,_reverseTest
FN:49,revTest
FN:57,_testCurryN
FN:58,_testCurryN_Re_Currying
FN:59,testFn
FN:71,_testCurryRight
FN:72,_curryRightTest
FN:73,mathEm
FN:81,_testIfThisThenThat
FN:82,pred
FN:83,ifFunc
FN:85,_testIfThisThenThatWithTruthyValue
FN:89,_testIfThisThenThatWithFalseyValue
FN:94,_testSequence
FN:95,one
FN:100,two
FN:116,_testUncurry
FN:117,_uncurry
FN:121,_testUncurryWithACurriedFunction
FN:126,_testUncurryWithAnUnCurriedFunction
FN:132,_testUncurryN
FN:133,(anonymous_38)
FN:133,(anonymous_39)
FN:133,(anonymous_40)
FN:135,_testPartialUncurrying
FN:144,(anonymous_42)
FN:154,_testWhenNot
FN:155,transform
FN:157,_testWhenNotWithTruthyPredicate
FN:158,pred
FN:163,_testWhenNotWithFalseyPredicate
FN:164,pred
FN:170,_testApplyWhenReady
FN:171,_testApplyWhenReadyLeftApply
FN:172,(anonymous_51)
FN:172,(anonymous_52)
FN:183,_testApplyWhenReadyRightApply
FN:184,(anonymous_54)
FN:184,(anonymous_55)
FNF:56
FNH:56
FNDA:1,_testCombinators
FNDA:1,_testAll
FNDA:6,one
FNDA:1,two
FNDA:1,_testAllReturnsTrue
FNDA:1,_testAllReturnsFalse
FNDA:1,_testAny
FNDA:1,one
FNDA:6,two
FNDA:1,_testAnyReturnsTrue
FNDA:1,_testAnyReturnsFalse
FNDA:1,_testC_Combinator
FNDA:1,_testC_CombinatorAppliesArgsCorrectly
FNDA:1,one
FNDA:1,_one
FNDA:1,two
FNDA:1,_testReverse
FNDA:1,_reverseTest
FNDA:1,revTest
FNDA:1,_testCurryN
FNDA:1,_testCurryN_Re_Currying
FNDA:1,testFn
FNDA:1,_testCurryRight
FNDA:1,_curryRightTest
FNDA:1,mathEm
FNDA:1,_testIfThisThenThat
FNDA:2,pred
FNDA:1,ifFunc
FNDA:1,_testIfThisThenThatWithTruthyValue
FNDA:1,_testIfThisThenThatWithFalseyValue
FNDA:1,_testSequence
FNDA:1,one
FNDA:1,two
FNDA:1,_testUncurry
FNDA:2,_uncurry
FNDA:1,_testUncurryWithACurriedFunction
FNDA:1,_testUncurryWithAnUnCurriedFunction
FNDA:1,_testUncurryN
FNDA:3,(anonymous_38)
FNDA:3,(anonymous_39)
FNDA:3,(anonymous_40)
FNDA:1,_testPartialUncurrying
FNDA:1,(anonymous_42)
FNDA:1,_testWhenNot
FNDA:1,transform
FNDA:1,_testWhenNotWithTruthyPredicate
FNDA:1,pred
FNDA:1,_testWhenNotWithFalseyPredicate
FNDA:1,pred
FNDA:1,_testApplyWhenReady
FNDA:1,_testApplyWhenReadyLeftApply
FNDA:3,(anonymous_51)
FNDA:45,(anonymous_52)
FNDA:1,_testApplyWhenReadyRightApply
FNDA:1,(anonymous_54)
FNDA:15,(anonymous_55)
DA:7,1
DA:8,1
DA:9,6
DA:10,1
DA:12,1
DA:13,1
DA:16,1
DA:17,1
DA:21,1
DA:22,1
DA:23,6
DA:25,1
DA:26,1
DA:29,1
DA:30,1
DA:34,1
DA:35,1
DA:37,1
DA:38,1
DA:41,1
DA:43,1
DA:47,1
DA:48,1
DA:50,1
DA:53,1
DA:57,1
DA:58,1
DA:60,1
DA:63,1
DA:64,1
DA:65,1
DA:67,1
DA:71,1
DA:72,1
DA:74,1
DA:77,1
DA:81,1
DA:82,2
DA:83,1
DA:85,1
DA:86,1
DA:89,1
DA:90,1
DA:94,1
DA:96,1
DA:97,1
DA:101,1
DA:102,1
DA:105,1
DA:106,1
DA:108,1
DA:110,1
DA:112,1
DA:113,1
DA:116,1
DA:118,2
DA:121,1
DA:122,1
DA:123,1
DA:126,1
DA:127,1
DA:128,1
DA:132,1
DA:133,3
DA:135,1
DA:136,1
DA:137,1
DA:139,1
DA:141,1
DA:144,1
DA:145,1
DA:146,1
DA:147,1
DA:149,1
DA:150,1
DA:154,1
DA:155,1
DA:157,1
DA:158,1
DA:160,1
DA:163,1
DA:164,1
DA:166,1
DA:170,1
DA:171,1
DA:172,45
DA:174,1
DA:175,1
DA:176,1
DA:177,1
DA:179,1
DA:180,1
DA:183,1
DA:184,15
DA:186,1
DA:187,1
DA:188,1
DA:189,1
DA:191,1
LF:99
LH:99
BRF:0
BRH:0
end_of_record
TN:
SF:C:\Repo\Github\pointfree-js\test\unit\decorators.spec.js
FN:4,_testDecorators
FN:5,_testAfter
FN:6,_testDecorationCalledAfterFunction
FN:7,addTwo
FN:8,multFive
FN:19,_testApply
FN:20,_apply
FN:21,t
FN:32,_testBefore
FN:33,_testDecorationCalledBeforeFunction
FN:34,addTwo
FN:35,multFive
FN:46,_testBinary
FN:47,_binaryTest
FN:48,nullary
FN:49,unary
FN:50,ternary
FN:79,_testBindFunction
FN:80,_testFunctionBinding
FN:81,addTwoToPropA
FN:116,_testGuard
FN:117,_testGuardWithSuccessfulFns
FN:118,func1
FN:119,func2
FN:120,func3
FN:134,_testGuardWithFailureFns
FN:135,func1
FN:136,func2
FN:137,func3
FN:153,_testLeftApply
FN:154,_testLeftApply
FN:155,doStuff
FN:166,_testMaybe
FN:167,maybeFn
FN:171,_testMaybeWithNullArgs
FN:180,_testMaybeWithNoArgs
FN:189,_testMaybeWithTwoArgs
FN:199,_testOnce
FN:200,_ensureAFunctionIsInvokedOnlyOnce
FN:201,runMe
FN:212,_testRepeat
FN:213,_testRepeatTenTimes
FN:214,rep
FN:225,_testSafe
FN:226,_testSafeWillNullArg
FN:227,_t
FN:240,_testSafeWithNoArgs
FN:241,_t
FN:251,_testSafeWithGoodArgs
FN:252,_t
FN:263,_testTernary
FN:264,_testTernaryOnANullaryFunction
FN:265,_nullary
FN:273,_testTernaryOnATernaryFunction
FN:274,_ternary
FN:282,_testTernaryOnAQuaternaryFunction
FN:283,quarternary
FN:292,_tryCatch
FN:293,catcher
FN:297,_testTryCatchWithNoException
FN:298,tryer
FN:306,_testTryCatchWithAnException
FN:307,tryer
FN:318,_testUnary
FN:319,_unaryTest
FN:320,nullary
FN:321,binary
FN:322,ternary
FN:342,_testUnaryWithArg
FN:343,_duo
FN:352,_testVoidFn
FN:353,_voidFnTest
FN:354,_test
FNF:73
FNH:69
FNDA:1,_testDecorators
FNDA:1,_testAfter
FNDA:1,_testDecorationCalledAfterFunction
FNDA:1,addTwo
FNDA:1,multFive
FNDA:1,_testApply
FNDA:1,_apply
FNDA:1,t
FNDA:1,_testBefore
FNDA:1,_testDecorationCalledBeforeFunction
FNDA:1,addTwo
FNDA:1,multFive
FNDA:1,_testBinary
FNDA:1,_binaryTest
FNDA:1,nullary
FNDA:1,unary
FNDA:1,ternary
FNDA:1,_testBindFunction
FNDA:1,_testFunctionBinding
FNDA:1,addTwoToPropA
FNDA:1,_testGuard
FNDA:1,_testGuardWithSuccessfulFns
FNDA:1,func1
FNDA:1,func2
FNDA:1,func3
FNDA:1,_testGuardWithFailureFns
FNDA:0,func1
FNDA:1,func2
FNDA:0,func3
FNDA:1,_testLeftApply
FNDA:1,_testLeftApply
FNDA:1,doStuff
FNDA:1,_testMaybe
FNDA:1,maybeFn
FNDA:1,_testMaybeWithNullArgs
FNDA:1,_testMaybeWithNoArgs
FNDA:1,_testMaybeWithTwoArgs
FNDA:1,_testOnce
FNDA:1,_ensureAFunctionIsInvokedOnlyOnce
FNDA:1,runMe
FNDA:1,_testRepeat
FNDA:1,_testRepeatTenTimes
FNDA:10,rep
FNDA:1,_testSafe
FNDA:1,_testSafeWillNullArg
FNDA:0,_t
FNDA:1,_testSafeWithNoArgs
FNDA:0,_t
FNDA:1,_testSafeWithGoodArgs
FNDA:1,_t
FNDA:1,_testTernary
FNDA:1,_testTernaryOnANullaryFunction
FNDA:1,_nullary
FNDA:1,_testTernaryOnATernaryFunction
FNDA:1,_ternary
FNDA:1,_testTernaryOnAQuaternaryFunction
FNDA:1,quarternary
FNDA:1,_tryCatch
FNDA:1,catcher
FNDA:1,_testTryCatchWithNoException
FNDA:1,tryer
FNDA:1,_testTryCatchWithAnException
FNDA:1,tryer
FNDA:1,_testUnary
FNDA:1,_unaryTest
FNDA:1,nullary
FNDA:1,binary
FNDA:1,ternary
FNDA:1,_testUnaryWithArg
FNDA:1,_duo
FNDA:1,_testVoidFn
FNDA:1,_voidFnTest
FNDA:1,_test
DA:4,1
DA:5,1
DA:6,1
DA:7,1
DA:8,1
DA:9,1
DA:10,1
DA:12,1
DA:14,1
DA:15,1
DA:19,1
DA:20,1
DA:21,1
DA:23,1
DA:24,1
DA:25,1
DA:27,1
DA:28,1
DA:32,1
DA:33,1
DA:34,1
DA:35,1
DA:36,1
DA:37,1
DA:39,1
DA:41,1
DA:42,1
DA:46,1
DA:47,1
DA:48,1
DA:49,1
DA:50,1
DA:52,1
DA:53,1
DA:54,1
DA:56,1
DA:57,1
DA:58,1
DA:60,1
DA:61,1
DA:62,1
DA:64,1
DA:65,1
DA:66,1
DA:68,1
DA:69,1
DA:71,1
DA:72,1
DA:74,1
DA:75,1
DA:79,1
DA:80,1
DA:82,1
DA:83,1
DA:86,1
DA:87,1
DA:89,1
DA:90,1
DA:92,1
DA:93,1
DA:94,1
DA:116,1
DA:117,1
DA:118,1
DA:119,1
DA:120,1
DA:122,1
DA:124,1
DA:125,1
DA:126,1
DA:128,1
DA:129,1
DA:130,1
DA:131,1
DA:134,1
DA:135,0
DA:136,1
DA:137,0
DA:139,1
DA:140,1
DA:141,1
DA:142,1
DA:143,1
DA:144,1
DA:146,1
DA:147,1
DA:148,1
DA:149,1
DA:153,1
DA:154,1
DA:156,1
DA:159,1
DA:160,1
DA:162,1
DA:166,1
DA:168,1
DA:171,1
DA:172,1
DA:173,1
DA:174,1
DA:176,1
DA:177,1
DA:180,1
DA:181,1
DA:182,1
DA:183,1
DA:185,1
DA:186,1
DA:189,1
DA:190,1
DA:191,1
DA:192,1
DA:194,1
DA:195,1
DA:199,1
DA:200,1
DA:201,1
DA:203,1
DA:204,1
DA:205,1
DA:206,1
DA:208,1
DA:212,1
DA:213,1
DA:214,10
DA:216,1
DA:218,1
DA:220,1
DA:221,1
DA:225,1
DA:226,1
DA:227,0
DA:228,1
DA:229,1
DA:231,1
DA:232,1
DA:234,1
DA:235,1
DA:237,1
DA:240,1
DA:241,0
DA:242,1
DA:243,1
DA:245,1
DA:247,1
DA:248,1
DA:251,1
DA:252,1
DA:253,1
DA:254,1
DA:256,1
DA:258,1
DA:259,1
DA:263,1
DA:264,1
DA:265,1
DA:267,1
DA:269,1
DA:270,1
DA:273,1
DA:274,1
DA:276,1
DA:278,1
DA:279,1
DA:282,1
DA:283,1
DA:285,1
DA:287,1
DA:288,1
DA:292,1
DA:294,1
DA:297,1
DA:299,1
DA:302,1
DA:303,1
DA:306,1
DA:308,1
DA:311,1
DA:313,1
DA:314,1
DA:318,1
DA:319,1
DA:320,1
DA:321,1
DA:322,1
DA:324,1
DA:325,1
DA:326,1
DA:328,1
DA:329,1
DA:330,1
DA:332,1
DA:333,1
DA:335,1
DA:336,1
DA:338,1
DA:339,1
DA:342,1
DA:343,1
DA:345,1
DA:347,1
DA:348,1
DA:352,1
DA:353,1
DA:354,1
DA:356,1
DA:357,1
DA:359,1
LF:208
LH:204
BRF:0
BRH:0
end_of_record
TN:
SF:C:\Repo\Github\pointfree-js\test\unit\functionalContainerHelpers.spec.js
FN:6,_testFunctionalContainerHelpers
FN:7,_testIsFunctor
FN:8,_testIsFunctorWithFunctors
FN:21,_testIsFunctorWithMonads
FN:35,_testIsMonad
FN:36,_testIsMonadWithMonads
FN:49,_testIsMonadWithFunctors
FN:63,_testIsConstant
FN:64,_testIsConstantWithConstant
FN:69,_testIsConstantWithNonConstant
FN:92,_testIsEither
FN:93,_testIsEitherWithEitherContainer
FN:101,_testIsEitherWithNonEitherContainer
FN:122,_testIsFuture
FN:123,_testIsFutureWithFutureContainer
FN:128,_testIsFutureWithNonFutureContainer
FN:149,_testIsIdentity
FN:150,_testIsIdentityWithIdentityContainer
FN:155,_testIsIdentityWithNonIdentityContainer
FN:176,_testIsIo
FN:177,_testIsIoWithIoContainer
FN:182,_testIsIoWithNonIoContainer
FN:203,_testIsJust
FN:204,_testIsJustWithJustContainer
FN:209,_testIsJustWithNonJustContainer
FN:228,_testIsLeft
FN:229,_testIsLeftWithLeftContainer
FN:234,_testIsLeftWithNonLeftContainer
FN:253,_testIsList
FN:254,_testIsListWithListContainer
FN:259,_testIsListWithNonListContainer
FN:282,_testIsMaybe
FN:283,_testIsMaybeWithMaybeContainer
FN:292,_testIsMaybeWithNonMaybeContainer
FN:311,_testIsNothing
FN:312,_testIsNothingWithNothingContainer
FN:317,_testIsNothingWithNonNothingContainer
FN:338,_testIsRight
FN:339,_testIsRightWithRightContainer
FN:346,_testIsRightWithNonRightContainer
FN:367,_testIsValidation
FN:368,_testIsValidationWithValidationContainer
FN:373,_testIsValidationWithNonValidationContainer
FNF:43
FNH:43
FNDA:1,_testFunctionalContainerHelpers
FNDA:1,_testIsFunctor
FNDA:1,_testIsFunctorWithFunctors
FNDA:1,_testIsFunctorWithMonads
FNDA:1,_testIsMonad
FNDA:1,_testIsMonadWithMonads
FNDA:1,_testIsMonadWithFunctors
FNDA:1,_testIsConstant
FNDA:1,_testIsConstantWithConstant
FNDA:1,_testIsConstantWithNonConstant
FNDA:1,_testIsEither
FNDA:1,_testIsEitherWithEitherContainer
FNDA:1,_testIsEitherWithNonEitherContainer
FNDA:1,_testIsFuture
FNDA:1,_testIsFutureWithFutureContainer
FNDA:1,_testIsFutureWithNonFutureContainer
FNDA:1,_testIsIdentity
FNDA:1,_testIsIdentityWithIdentityContainer
FNDA:1,_testIsIdentityWithNonIdentityContainer
FNDA:1,_testIsIo
FNDA:1,_testIsIoWithIoContainer
FNDA:1,_testIsIoWithNonIoContainer
FNDA:1,_testIsJust
FNDA:1,_testIsJustWithJustContainer
FNDA:1,_testIsJustWithNonJustContainer
FNDA:1,_testIsLeft
FNDA:1,_testIsLeftWithLeftContainer
FNDA:1,_testIsLeftWithNonLeftContainer
FNDA:1,_testIsList
FNDA:1,_testIsListWithListContainer
FNDA:1,_testIsListWithNonListContainer
FNDA:1,_testIsMaybe
FNDA:1,_testIsMaybeWithMaybeContainer
FNDA:1,_testIsMaybeWithNonMaybeContainer
FNDA:1,_testIsNothing
FNDA:1,_testIsNothingWithNothingContainer
FNDA:1,_testIsNothingWithNonNothingContainer
FNDA:1,_testIsRight
FNDA:1,_testIsRightWithRightContainer
FNDA:1,_testIsRightWithNonRightContainer
FNDA:1,_testIsValidation
FNDA:1,_testIsValidationWithValidationContainer
FNDA:1,_testIsValidationWithNonValidationContainer
DA:6,1
DA:7,1
DA:8,1
DA:9,1
DA:10,1
DA:11,1
DA:12,1
DA:13,1
DA:14,1
DA:15,1
DA:16,1
DA:17,1
DA:18,1
DA:21,1
DA:22,1
DA:23,1
DA:24,1
DA:25,1
DA:26,1
DA:27,1
DA:28,1
DA:29,1
DA:30,1
DA:31,1
DA:35,1
DA:36,1
DA:37,1
DA:38,1
DA:39,1
DA:40,1
DA:41,1
DA:42,1
DA:43,1
DA:44,1
DA:45,1
DA:46,1
DA:49,1
DA:50,1
DA:51,1
DA:52,1
DA:53,1
DA:54,1
DA:55,1
DA:56,1
DA:57,1
DA:58,1
DA:59,1
DA:63,1
DA:64,1
DA:65,1
DA:66,1
DA:69,1
DA:70,1
DA:71,1
DA:72,1
DA:73,1
DA:74,1
DA:75,1
DA:76,1
DA:77,1
DA:78,1
DA:80,1
DA:81,1
DA:82,1
DA:83,1
DA:84,1
DA:85,1
DA:86,1
DA:87,1
DA:88,1
DA:92,1
DA:93,1
DA:94,1
DA:95,1
DA:97,1
DA:98,1
DA:101,1
DA:102,1
DA:103,1
DA:104,1
DA:105,1
DA:106,1
DA:107,1
DA:108,1
DA:109,1
DA:111,1
DA:112,1
DA:113,1
DA:114,1
DA:115,1
DA:116,1
DA:117,1
DA:118,1
DA:122,1
DA:123,1
DA:124,1
DA:125,1
DA:128,1
DA:129,1
DA:130,1
DA:131,1
DA:132,1
DA:133,1
DA:134,1
DA:135,1
DA:136,1
DA:138,1
DA:139,1
DA:140,1
DA:141,1
DA:142,1
DA:143,1
DA:144,1
DA:145,1
DA:149,1
DA:150,1
DA:151,1
DA:152,1
DA:155,1
DA:156,1
DA:157,1
DA:158,1
DA:159,1
DA:160,1
DA:161,1
DA:162,1
DA:163,1
DA:165,1
DA:166,1
DA:167,1
DA:168,1
DA:169,1
DA:170,1
DA:171,1
DA:172,1
DA:176,1
DA:177,1
DA:178,1
DA:179,1
DA:182,1
DA:183,1
DA:184,1
DA:185,1
DA:186,1
DA:187,1
DA:188,1
DA:189,1
DA:190,1
DA:192,1
DA:193,1
DA:194,1
DA:195,1
DA:196,1
DA:197,1
DA:198,1
DA:199,1
DA:203,1
DA:204,1
DA:205,1
DA:206,1
DA:209,1
DA:210,1
DA:211,1
DA:212,1
DA:213,1
DA:214,1
DA:215,1
DA:216,1
DA:218,1
DA:219,1
DA:220,1
DA:221,1
DA:222,1
DA:223,1
DA:224,1
DA:228,1
DA:229,1
DA:230,1
DA:231,1
DA:234,1
DA:235,1
DA:236,1
DA:237,1
DA:238,1
DA:239,1
DA:240,1
DA:241,1
DA:243,1
DA:244,1
DA:245,1
DA:246,1
DA:247,1
DA:248,1
DA:249,1
DA:253,1
DA:254,1
DA:255,1
DA:256,1
DA:259,1
DA:260,1
DA:261,1
DA:262,1
DA:263,1
DA:264,1
DA:265,1
DA:266,1
DA:267,1
DA:268,1
DA:270,1
DA:271,1
DA:272,1
DA:273,1
DA:274,1
DA:275,1
DA:276,1
DA:277,1
DA:278,1
DA:282,1
DA:283,1
DA:284,1
DA:285,1
DA:286,1
DA:287,1
DA:288,1
DA:289,1
DA:292,1
DA:293,1
DA:294,1
DA:295,1
DA:296,1
DA:297,1
DA:298,1
DA:299,1
DA:301,1
DA:302,1
DA:303,1
DA:304,1
DA:305,1
DA:306,1
DA:307,1
DA:311,1
DA:312,1
DA:313,1
DA:314,1
DA:317,1
DA:318,1
DA:319,1
DA:320,1
DA:321,1
DA:322,1
DA:323,1
DA:324,1
DA:325,1
DA:327,1
DA:328,1
DA:329,1
DA:330,1
DA:331,1
DA:332,1
DA:333,1
DA:334,1
DA:338,1
DA:339,1
DA:340,1
DA:341,1
DA:342,1
DA:343,1
DA:346,1
DA:347,1
DA:348,1
DA:349,1
DA:350,1
DA:351,1
DA:352,1
DA:353,1
DA:354,1
DA:356,1
DA:357,1
DA:358,1
DA:359,1
DA:360,1
DA:361,1
DA:362,1
DA:363,1
DA:367,1
DA:368,1
DA:369,1
DA:370,1
DA:373,1
DA:374,1
DA:375,1
DA:376,1
DA:377,1
DA:378,1
DA:379,1
DA:380,1
DA:381,1
DA:383,1
DA:384,1
DA:385,1
DA:386,1
DA:387,1
DA:388,1
DA:389,1
DA:390,1
LF:305
LH:305
BRF:0
BRH:0
end_of_record
TN:
SF:C:\Repo\Github\pointfree-js\test\unit\functionalHelpers.spec.js
FN:10,_retrieveFirstNames
FN:14,_resetData
FN:15,_resetDataFirstNames
FN:20,_testAdjust
FN:21,_makeAdjustment
FN:26,_testAdjustWithGreaterIndex
FN:34,_testAdjustWithLesserIndex
FN:42,_testAdjustWithPositiveIndex
FN:49,_testAdjustWithNegativeIndex
FN:57,testAnd
FN:58,testAndWithDoubleTrueValues
FN:64,testAndWithDoubleAndSingleFalseValues
FN:79,testAndWithTruthyValues
FN:89,_testBoth
FN:90,_testBoth
FN:91,one
FN:92,two
FN:106,_testConcat
FN:107,_testConcatWithUndefinedRest
FN:111,_testConcatWithEmptyArray
FN:115,_testConcatWithArrays
FN:119,_testConcatWithStrings
FN:124,_testEither
FN:125,_testEither
FN:126,one
FN:127,two
FN:141,testIdentity
FN:142,testIdentityWithEmptyArray
FN:151,testIdentityWithTwoValues
FN:160,testIdentityWithPrimitiveValues
FN:175,testIsObject
FN:176,testIsObjectWithObjects
FN:195,testIsObjectWithNonObjects
FN:219,testIsArray
FN:220,testIsArrayWithArray
FN:230,testIsArrayWithNonArray
FN:232,_noop
FN:250,testIsFunction
FN:251,testIsFunction
FN:252,_noop
FN:280,testIfElse
FN:281,truePredicate
FN:285,falsePredicate
FN:289,truthyPredicate
FN:293,falseyPredicate
FN:297,notPredicate
FN:301,adder
FN:305,subtractor
FN:309,testIfElseWithTruthyIf
FN:325,testIfElseWithFalseyIf
FN:342,_testNth
FN:343,_testNthWithArrayAndPositiveNumber
FN:347,_testNthWithStringAndPositiveNumber
FN:351,_testNthWithArrayAndNegativeNumber
FN:355,_testNthWithStringAndNegativeNumber
FN:359,_testNthWithArrayAndOutOfBoundsIndex
FN:363,_testNthWithStringAndOutOfBoundsIndex
FN:368,_testOnce
FN:369,_testOnce
FN:370,_onlyOnce
FN:383,testOr
FN:384,testOrWithSingleAndDoubleTruthyValues
FN:399,testOrWithDoubleFalseyValues
FN:406,_testReverse
FN:407,_testReverseWithAnArray
FN:411,_testReverseWithAString
FN:416,testWrap
FN:417,testWrap
FN:418,noop
FN:463,testNot
FN:464,testNot
FN:465,trueFunction
FN:466,falseFunction
FN:467,truthyFunction
FN:468,falseyFunction
FN:469,inverseFunction
FN:515,testCurry
FN:516,testCurry
FN:517,curryFunc1
FN:518,curryFunc2
FN:519,curryFunc3
FN:520,curryFunc4
FNF:82
FNH:79
FNDA:54,_retrieveFirstNames
FNDA:489,_resetData
FNDA:26406,_resetDataFirstNames
FNDA:1,_testAdjust
FNDA:2,_makeAdjustment
FNDA:1,_testAdjustWithGreaterIndex
FNDA:1,_testAdjustWithLesserIndex
FNDA:1,_testAdjustWithPositiveIndex
FNDA:1,_testAdjustWithNegativeIndex
FNDA:1,testAnd
FNDA:1,testAndWithDoubleTrueValues
FNDA:1,testAndWithDoubleAndSingleFalseValues
FNDA:1,testAndWithTruthyValues
FNDA:1,_testBoth
FNDA:1,_testBoth
FNDA:3,one
FNDA:3,two
FNDA:1,_testConcat
FNDA:1,_testConcatWithUndefinedRest
FNDA:1,_testConcatWithEmptyArray
FNDA:1,_testConcatWithArrays
FNDA:1,_testConcatWithStrings
FNDA:1,_testEither
FNDA:1,_testEither
FNDA:3,one
FNDA:3,two
FNDA:1,testIdentity
FNDA:1,testIdentityWithEmptyArray
FNDA:1,testIdentityWithTwoValues
FNDA:1,testIdentityWithPrimitiveValues
FNDA:1,testIsObject
FNDA:1,testIsObjectWithObjects
FNDA:1,testIsObjectWithNonObjects
FNDA:1,testIsArray
FNDA:1,testIsArrayWithArray
FNDA:1,testIsArrayWithNonArray
FNDA:0,_noop
FNDA:1,testIsFunction
FNDA:1,testIsFunction
FNDA:0,_noop
FNDA:1,testIfElse
FNDA:2,truePredicate
FNDA:2,falsePredicate
FNDA:1,truthyPredicate
FNDA:1,falseyPredicate
FNDA:2,notPredicate
FNDA:5,adder
FNDA:3,subtractor
FNDA:1,testIfElseWithTruthyIf
FNDA:1,testIfElseWithFalseyIf
FNDA:1,_testNth
FNDA:1,_testNthWithArrayAndPositiveNumber
FNDA:1,_testNthWithStringAndPositiveNumber
FNDA:1,_testNthWithArrayAndNegativeNumber
FNDA:1,_testNthWithStringAndNegativeNumber
FNDA:1,_testNthWithArrayAndOutOfBoundsIndex
FNDA:1,_testNthWithStringAndOutOfBoundsIndex
FNDA:1,_testOnce
FNDA:1,_testOnce
FNDA:1,_onlyOnce
FNDA:1,testOr
FNDA:1,testOrWithSingleAndDoubleTruthyValues
FNDA:1,testOrWithDoubleFalseyValues
FNDA:1,_testReverse
FNDA:1,_testReverseWithAnArray
FNDA:1,_testReverseWithAString
FNDA:1,testWrap
FNDA:1,testWrap
FNDA:0,noop
FNDA:1,testNot
FNDA:1,testNot
FNDA:1,trueFunction
FNDA:1,falseFunction
FNDA:1,truthyFunction
FNDA:1,falseyFunction
FNDA:4,inverseFunction
FNDA:1,testCurry
FNDA:1,testCurry
FNDA:1,curryFunc1
FNDA:1,curryFunc2
FNDA:1,curryFunc3
FNDA:1,curryFunc4
DA:10,1
DA:11,54
DA:14,1
DA:15,489
DA:16,26406
DA:20,1
DA:22,2
DA:24,1
DA:26,1
DA:28,1
DA:30,1
DA:31,1
DA:34,1
DA:36,1
DA:38,1
DA:39,1
DA:42,1
DA:43,1
DA:45,1
DA:46,1
DA:49,1
DA:50,1
DA:52,1
DA:53,1
DA:57,1
DA:58,1
DA:59,1
DA:60,1
DA:61,1
DA:64,1
DA:65,1
DA:66,1
DA:67,1
DA:69,1
DA:70,1
DA:72,1
DA:73,1
DA:75,1
DA:76,1
DA:79,1
DA:80,1
DA:81,1
DA:83,1
DA:84,1
DA:85,1
DA:89,1
DA:90,1
DA:91,3
DA:92,3
DA:94,1
DA:95,1
DA:96,1
DA:97,1
DA:99,1
DA:100,1
DA:101,1
DA:102,1
DA:106,1
DA:107,1
DA:108,1
DA:111,1
DA:112,1
DA:115,1
DA:116,1
DA:119,1
DA:120,1
DA:124,1
DA:125,1
DA:126,3
DA:127,3
DA:129,1
DA:130,1
DA:131,1
DA:132,1
DA:134,1
DA:135,1
DA:136,1
DA:137,1
DA:141,1
DA:142,1
DA:143,1
DA:144,1
DA:146,1
DA:147,1
DA:148,1
DA:151,1
DA:152,1
DA:153,1
DA:154,1
DA:156,1
DA:157,1
DA:160,1
DA:161,1
DA:162,1
DA:163,1
DA:165,1
DA:166,1
DA:167,1
DA:169,1
DA:170,1
DA:171,1
DA:175,1
DA:176,1
DA:177,1
DA:178,1
DA:179,1
DA:180,1
DA:182,1
DA:183,1
DA:185,1
DA:186,1
DA:188,1
DA:189,1
DA:191,1
DA:192,1
DA:195,1
DA:196,1
DA:197,1
DA:198,1
DA:199,1
DA:200,1
DA:202,1
DA:203,1
DA:205,1
DA:206,1
DA:208,1
DA:209,1
DA:211,1
DA:212,1
DA:214,1
DA:215,1
DA:219,1
DA:220,1
DA:221,1
DA:222,1
DA:224,1
DA:225,1
DA:226,1
DA:227,1
DA:230,1
DA:231,1
DA:232,1
DA:233,1
DA:234,1
DA:235,1
DA:237,1
DA:238,1
DA:239,1
DA:240,1
DA:241,1
DA:242,1
DA:243,1
DA:244,1
DA:245,1
DA:246,1
DA:250,1
DA:251,1
DA:252,1
DA:253,1
DA:254,1
DA:255,1
DA:256,1
DA:257,1
DA:258,1
DA:259,1
[...]
DA:340,1
DA:364,1
DA:365,1
DA:367,1
DA:368,54
DA:371,1
DA:372,1
DA:373,1
DA:376,1
DA:377,462
DA:378,0
DA:380,1
DA:381,1
DA:382,54
DA:383,599
DA:385,15
DA:388,1
DA:393,1
DA:394,765
DA:395,0
DA:397,1
DA:398,1
DA:399,54
DA:400,599
DA:402,15
DA:405,1
DA:410,1
DA:411,1
DA:412,1
DA:413,54
DA:414,9
DA:415,9
DA:418,9
DA:422,42
DA:426,486
DA:431,54
DA:437,1
DA:455,1
DA:456,1
DA:461,1
DA:462,1
DA:463,1
DA:464,1
DA:465,1
DA:467,1
DA:468,1
DA:469,1
DA:472,1
DA:473,1
DA:474,1
DA:475,1
DA:476,1
DA:478,1
DA:479,1
DA:480,1
DA:483,1
DA:485,107
DA:488,1
DA:489,1
DA:513,1
DA:514,1
DA:516,1
DA:517,54
DA:520,1
DA:521,1
DA:522,1
DA:525,1
DA:527,5832
DA:531,1046
DA:537,1
DA:538,54
DA:539,2916
DA:543,1
DA:548,1
DA:549,1
DA:554,1
DA:555,1
DA:560,1
DA:561,1
DA:565,1
DA:570,1
DA:571,1
DA:572,2
DA:576,1
DA:577,1
DA:582,1
DA:583,1
DA:584,2
DA:588,1
DA:589,1
DA:594,1
DA:595,1
DA:596,7
DA:608,1
DA:609,1
DA:610,54
DA:614,1
DA:615,1
DA:616,54
DA:620,1
DA:621,1
DA:622,87
DA:623,13
DA:627,1
DA:628,1
DA:629,87
DA:630,14
DA:635,1
DA:636,1
DA:637,1
DA:638,1
DA:639,1
DA:641,1
DA:642,1
DA:645,1
DA:646,1
DA:647,1
DA:650,1
DA:651,5
DA:655,1
DA:656,1
DA:657,5
DA:660,1
DA:661,5
DA:665,1
DA:667,1
DA:668,5
DA:671,1
DA:675,1
DA:680,1
DA:681,1
DA:682,0
DA:686,1
DA:687,1
DA:688,3
DA:692,1
DA:693,1
DA:694,1
DA:698,1
DA:699,1
DA:700,1
DA:740,1
DA:745,1
DA:746,1
DA:747,5
DA:751,1
DA:752,1
DA:753,5
DA:757,1
DA:758,1
DA:761,1
DA:764,1
DA:765,1
DA:766,54
DA:806,1
DA:811,1
DA:812,1
DA:813,4
DA:817,1
DA:818,1
DA:823,1
DA:824,5
DA:825,5
DA:827,1
DA:836,1
DA:837,1
DA:841,1
DA:842,1
DA:844,1
DA:849,1
DA:850,1
DA:855,1
DA:856,8
DA:857,1
DA:858,1
DA:859,1
DA:861,1
DA:862,0
DA:866,1
DA:869,1
DA:870,1
DA:872,1
DA:873,0
DA:877,1
DA:880,1
DA:881,6
DA:883,1
DA:887,1
DA:890,1
DA:891,16
DA:893,1
DA:897,1
LF:426
LH:421
BRDA:368,0,0,54
BRDA:368,0,1,53
BRDA:382,1,0,15
BRDA:382,1,1,39
BRDA:399,2,0,15
BRDA:399,2,1,39
BRDA:413,3,0,9
BRDA:413,3,1,45
BRDA:517,4,0,54
BRDA:517,4,1,53
BRDA:856,5,0,3
BRDA:856,5,1,5
BRDA:856,6,0,1
BRDA:856,6,1,4
BRF:14
BRH:14
end_of_record
TN:
SF:C:\Repo\Github\pointfree-js\test\unit\containers\functors\maybe_functor.spec.js
FN:8,_testMaybeFunctor
FN:9,_testMaybeObjectFactory
FN:10,_testMaybeFactoryObjectCreation
FN:41,_testMaybeDotOf
FN:72,_testMaybeDotJust
FN:103,_testMaybeDotNothing
FN:134,_testMaybeDotIs
FN:176,_testMaybeFactorIsLeftIsRightHelpers
FN:198,_testEitherDotFromNullable
FN:212,_testMaybeperipheralCreators
FN:232,_testMaybeFunctorObject
FN:233,_testWritePrevention
FN:257,_testMaybeFunctorIsJustAndIsNothing
FN:280,_testMaybeFunctorMap
FN:283,_t
FN:292,_testMaybeFunctorEquality
FN:348,_testMaybeFactoryObjectCreation
FN:373,_testMaybeFunctorIterator
FN:384,_testMaybeFunctorValueOf
FN:401,_testMaybeFunctorToString
FN:413,_testMaybeFunctorIsStupidViaFantasyLandSpecCompliance
FNF:21
FNH:21
FNDA:1,_testMaybeFunctor
FNDA:1,_testMaybeObjectFactory
FNDA:1,_testMaybeFactoryObjectCreation
FNDA:1,_testMaybeDotOf
FNDA:1,_testMaybeDotJust
FNDA:1,_testMaybeDotNothing
FNDA:1,_testMaybeDotIs
FNDA:1,_testMaybeFactorIsLeftIsRightHelpers
FNDA:1,_testEitherDotFromNullable
FNDA:1,_testMaybeperipheralCreators
FNDA:1,_testMaybeFunctorObject
FNDA:1,_testWritePrevention
FNDA:1,_testMaybeFunctorIsJustAndIsNothing
FNDA:1,_testMaybeFunctorMap
FNDA:1,_t
FNDA:1,_testMaybeFunctorEquality
FNDA:1,_testMaybeFactoryObjectCreation
FNDA:1,_testMaybeFunctorIterator
FNDA:1,_testMaybeFunctorValueOf
FNDA:1,_testMaybeFunctorToString
FNDA:1,_testMaybeFunctorIsStupidViaFantasyLandSpecCompliance
DA:4,1
DA:5,1
DA:6,1
DA:8,1
DA:9,1
DA:10,1
DA:11,1
DA:12,1
DA:13,1
DA:14,1
DA:15,1
DA:16,1
DA:17,1
DA:18,1
DA:19,1
DA:20,1
DA:22,1
DA:23,1
DA:24,1
DA:25,1
DA:26,1
DA:27,1
DA:28,1
DA:29,1
DA:31,1
DA:32,1
DA:33,1
DA:34,1
DA:35,1
DA:36,1
DA:37,1
DA:38,1
DA:41,1
DA:42,1
DA:43,1
DA:44,1
DA:45,1
DA:46,1
DA:47,1
DA:48,1
DA:49,1
DA:50,1
DA:51,1
DA:53,1
DA:54,1
DA:55,1
DA:56,1
DA:57,1
DA:58,1
DA:59,1
DA:60,1
DA:62,1
DA:63,1
DA:64,1
DA:65,1
DA:66,1
DA:67,1
DA:68,1
DA:69,1
DA:72,1
DA:73,1
DA:74,1
DA:75,1
DA:76,1
DA:77,1
DA:78,1
DA:79,1
DA:80,1
DA:81,1
DA:82,1
DA:84,1
DA:85,1
DA:86,1
DA:87,1
DA:88,1
DA:89,1
DA:90,1
DA:91,1
DA:93,1
DA:94,1
DA:95,1
DA:96,1
DA:97,1
DA:98,1
DA:99,1
DA:100,1
DA:103,1
DA:104,1
DA:105,1
DA:106,1
DA:107,1
DA:108,1
DA:109,1
DA:110,1
DA:111,1
DA:112,1
DA:113,1
DA:115,1
DA:116,1
DA:117,1
DA:118,1
DA:119,1
DA:120,1
DA:121,1
DA:122,1
DA:124,1
DA:125,1
DA:126,1
DA:127,1
DA:128,1
DA:129,1
DA:130,1
DA:131,1
DA:134,1
DA:135,1
DA:136,1
DA:137,1
DA:138,1
DA:139,1
DA:140,1
DA:141,1
DA:142,1
DA:143,1
DA:145,1
DA:146,1
DA:147,1
DA:148,1
DA:149,1
DA:150,1
DA:151,1
DA:152,1
DA:153,1
DA:155,1
DA:156,1
DA:157,1
DA:158,1
DA:159,1
DA:160,1
DA:161,1
DA:162,1
DA:163,1
DA:165,1
DA:166,1
DA:167,1
DA:168,1
DA:169,1
DA:170,1
DA:171,1
DA:172,1
DA:173,1
DA:176,1
DA:178,1
DA:179,1
DA:180,1
DA:181,1
DA:185,1
DA:186,1
DA:188,1
DA:189,1
DA:191,1
DA:192,1
DA:194,1
DA:195,1
DA:198,1
DA:199,1
DA:200,1
DA:202,1
DA:203,1
DA:205,1
DA:206,1
DA:208,1
DA:209,1
DA:212,1
DA:213,1
DA:214,1
DA:215,1
DA:216,1
DA:218,1
DA:219,1
DA:221,1
DA:222,1
DA:224,1
DA:225,1
DA:227,1
DA:228,1
DA:232,1
DA:233,1
DA:234,1
DA:235,1
DA:236,1
DA:237,1
DA:239,1
DA:240,1
DA:243,1
DA:245,1
DA:247,1
DA:248,1
DA:251,1
DA:254,1
DA:257,1
DA:258,1
DA:259,1
DA:260,1
DA:261,1
DA:262,1
DA:264,1
DA:265,1
DA:267,1
DA:268,1
DA:270,1
DA:271,1
DA:273,1
DA:274,1
DA:276,1
DA:277,1
DA:280,1
DA:281,1
DA:282,1
DA:283,1
DA:284,1
DA:286,1
DA:287,1
DA:289,1
DA:292,1
DA:293,1
DA:294,1
DA:295,1
DA:296,1
DA:297,1
DA:298,1
DA:299,1
DA:300,1
DA:301,1
DA:303,1
DA:304,1
DA:305,1
DA:306,1
DA:307,1
DA:308,1
DA:309,1
DA:310,1
DA:312,1
DA:313,1
DA:314,1
DA:315,1
DA:316,1
DA:317,1
DA:318,1
DA:320,1
DA:321,1
DA:322,1
DA:323,1
DA:324,1
DA:325,1
DA:327,1
DA:328,1
DA:329,1
DA:330,1
DA:331,1
DA:333,1
DA:334,1
DA:335,1
DA:336,1
DA:338,1
DA:339,1
DA:340,1
DA:342,1
DA:343,1
DA:345,1
DA:348,1
DA:349,1
DA:350,1
DA:351,1
DA:352,1
DA:354,1
DA:355,1
DA:356,1
DA:357,1
DA:358,1
DA:359,1
DA:360,1
DA:361,1
DA:363,1
DA:364,1
DA:365,1
DA:366,1
DA:367,1
DA:368,1
DA:369,1
DA:370,1
DA:373,1
DA:374,1
DA:375,1
DA:377,1
DA:378,1
DA:380,1
DA:381,1
DA:384,1
DA:385,1
DA:386,1
DA:388,1
DA:389,1
DA:390,1
DA:391,1
DA:392,1
DA:394,1
DA:395,1
DA:396,1
DA:397,1
DA:398,1
DA:401,1
DA:402,1
DA:403,1
DA:404,1
DA:405,1
DA:407,1
DA:408,1
DA:409,1
DA:410,1
DA:413,1
DA:414,1
DA:415,1
LF:322
LH:322
BRF:0
BRH:0
end_of_record
TN:
SF:C:\Repo\Github\pointfree-js\test\unit\containers\monads\constant_monad.spec.js
FN:7,_testConstantMonad
FN:8,_testConstantObjectFactory
FN:9,testConstantMonadObjectCreation
FN:40,testConstantDotOf
FN:71,_testConstantDotIs
FN:90,_testConstantMonadObject
FN:91,_testConstantMonadMjoin
FN:99,_testConstantMonadChain
FN:104,_flatMap
FN:108,_flatMap
FN:109,_innerMap
FN:114,_flatMap
FN:119,_testConstantMonadApply
FN:120,_iconstantyMap
FN:150,_testConstantDotFold
FN:151,(anonymous_15)
FN:154,_testConstantDotSequence
FN:158,_testConstantDotTraverse
FN:162,_testConstantMonadIsStupidViaFantasyLandSpecCompliance
FN:167,_testConstantMonadLaws
FN:168,_testConstantMonadIdentityLaw
FN:174,_testConstantMonadAlgebraicProperties
FN:175,_i
FN:177,(anonymous_23)
FN:194,f
FN:198,h
FN:203,(anonymous_26)
FN:205,test
FN:212,test2
FNF:29
FNH:18
FNDA:1,_testConstantMonad
FNDA:1,_testConstantObjectFactory
FNDA:1,testConstantMonadObjectCreation
FNDA:1,testConstantDotOf
FNDA:1,_testConstantDotIs
FNDA:1,_testConstantMonadObject
FNDA:1,_testConstantMonadMjoin
FNDA:1,_testConstantMonadChain
FNDA:0,_flatMap
FNDA:0,_flatMap
FNDA:0,_innerMap
FNDA:0,_flatMap
FNDA:1,_testConstantMonadApply
FNDA:3,_iconstantyMap
FNDA:1,_testConstantDotFold
FNDA:1,(anonymous_15)
FNDA:1,_testConstantDotSequence
FNDA:1,_testConstantDotTraverse
FNDA:1,_testConstantMonadIsStupidViaFantasyLandSpecCompliance
FNDA:1,_testConstantMonadLaws
FNDA:1,_testConstantMonadIdentityLaw
FNDA:1,_testConstantMonadAlgebraicProperties
FNDA:0,_i
FNDA:0,(anonymous_23)
FNDA:0,f
FNDA:0,h
FNDA:0,(anonymous_26)
FNDA:0,test
FNDA:0,test2
DA:5,1
DA:7,1
DA:8,1
DA:9,1
DA:10,1
DA:11,1
DA:12,1
DA:13,1
DA:14,1
DA:15,1
DA:16,1
DA:17,1
DA:18,1
DA:19,1
DA:21,1
DA:22,1
DA:23,1
DA:24,1
DA:25,1
DA:26,1
DA:27,1
DA:28,1
DA:30,1
DA:31,1
DA:32,1
DA:33,1
DA:34,1
DA:35,1
DA:36,1
DA:37,1
DA:40,1
DA:41,1
DA:42,1
DA:43,1
DA:44,1
DA:45,1
DA:46,1
DA:47,1
DA:48,1
DA:49,1
DA:50,1
DA:52,1
DA:53,1
DA:54,1
DA:55,1
DA:56,1
DA:57,1
DA:58,1
DA:59,1
DA:61,1
DA:62,1
DA:63,1
DA:64,1
DA:65,1
DA:66,1
DA:67,1
DA:68,1
DA:71,1
DA:72,1
DA:73,1
DA:74,1
DA:75,1
DA:76,1
DA:77,1
DA:78,1
DA:80,1
DA:81,1
DA:82,1
DA:83,1
DA:84,1
DA:85,1
DA:86,1
DA:90,1
DA:91,1
DA:92,1
DA:93,1
DA:95,1
DA:96,1
DA:99,1
DA:100,1
DA:101,1
DA:102,1
DA:104,1
DA:105,0
DA:108,1
DA:109,0
DA:110,0
DA:114,1
DA:115,0
DA:119,1
DA:120,1
DA:121,3
DA:124,1
DA:125,1
DA:126,1
DA:127,1
DA:128,1
DA:129,1
DA:130,1
DA:132,1
DA:133,1
DA:134,1
DA:135,1
DA:136,1
DA:137,1
DA:138,1
DA:140,1
DA:141,1
DA:142,1
DA:143,1
DA:144,1
DA:150,1
DA:151,1
DA:154,1
DA:155,1
DA:158,1
DA:159,1
DA:162,1
DA:163,1
DA:167,1
DA:168,1
DA:169,1
DA:171,1
DA:174,1
DA:175,0
DA:176,1
DA:177,1
DA:180,1
DA:183,1
DA:185,1
DA:188,1
DA:189,1
DA:191,1
DA:192,1
DA:195,0
DA:199,0
DA:203,1
DA:206,0
DA:209,1
DA:210,1
DA:213,0
LF:141
LH:132
BRDA:121,0,0,2
BRDA:121,0,1,1
BRF:2
BRH:2
end_of_record
TN:
SF:C:\Repo\Github\pointfree-js\test\unit\containers\monads\identity_monad.spec.js
FN:7,_testIdentityMonad
FN:8,_testIdentityObjectFactory
FN:9,_testIdentityFactoryObjectCreation
FN:40,_testIdentityDotOf
FN:71,_testIdentityDotIs
FN:90,_testIdentityMonadObject
FN:91,_testIdentityMonadMjoin
FN:99,_testIdentityMonadChain
FN:104,_flatMap
FN:108,_flatMap
FN:109,_innerMap
FN:114,_flatMap
FN:119,_testIdentityMonadApply
FN:120,_identityMap
FN:150,_testConstantDotFold
FN:151,(anonymous_15)
FN:154,_testConstantDotSequence
FN:158,_testConstantDotTraverse
FN:159,test
FN:166,_testIdentityMonadIsStupidViaFantasyLandSpecCompliance
FN:171,_testIdentityFunctorLaws
FN:172,_testIdentityFunctorIdentityLaw
FN:178,_testIdentityMonadAlgebraicProperties
FN:179,_i
FN:181,(anonymous_24)
FN:201,f
FN:205,h
FN:210,(anonymous_27)
FN:212,(anonymous_28)
FN:212,(anonymous_29)
FN:217,test2
FN:221,test3
FN:225,traverseMap
FN:229,fromNullable
FN:230,_fromNullable
FN:236,test4
FN:240,test5
FNF:37
FNH:33
FNDA:1,_testIdentityMonad
FNDA:1,_testIdentityObjectFactory
FNDA:1,_testIdentityFactoryObjectCreation
FNDA:1,_testIdentityDotOf
FNDA:1,_testIdentityDotIs
FNDA:1,_testIdentityMonadObject
FNDA:1,_testIdentityMonadMjoin
FNDA:1,_testIdentityMonadChain
FNDA:1,_flatMap
FNDA:1,_flatMap
FNDA:1,_innerMap
FNDA:1,_flatMap
FNDA:1,_testIdentityMonadApply
FNDA:3,_identityMap
FNDA:1,_testConstantDotFold
FNDA:1,(anonymous_15)
FNDA:1,_testConstantDotSequence
FNDA:1,_testConstantDotTraverse
FNDA:1,test
FNDA:1,_testIdentityMonadIsStupidViaFantasyLandSpecCompliance
FNDA:1,_testIdentityFunctorLaws
FNDA:1,_testIdentityFunctorIdentityLaw
FNDA:1,_testIdentityMonadAlgebraicProperties
FNDA:2,_i
FNDA:4,(anonymous_24)
FNDA:2,f
FNDA:2,h
FNDA:1,(anonymous_27)
FNDA:1,(anonymous_28)
FNDA:1,(anonymous_29)
FNDA:0,test2
FNDA:0,test3
FNDA:0,traverseMap
FNDA:1,fromNullable
FNDA:0,_fromNullable
FNDA:1,test4
FNDA:1,test5
DA:5,1
DA:7,1
DA:8,1
DA:9,1
DA:10,1
DA:11,1
DA:12,1
DA:13,1
DA:14,1
DA:15,1
DA:16,1
DA:17,1
DA:18,1
DA:19,1
DA:21,1
DA:22,1
DA:23,1
DA:24,1
DA:25,1
DA:26,1
DA:27,1
DA:28,1
DA:30,1
DA:31,1
DA:32,1
DA:33,1
DA:34,1
DA:35,1
DA:36,1
DA:37,1
DA:40,1
DA:41,1
DA:42,1
DA:43,1
DA:44,1
DA:45,1
DA:46,1
DA:47,1
DA:48,1
DA:49,1
DA:50,1
DA:52,1
DA:53,1
DA:54,1
DA:55,1
DA:56,1
DA:57,1
DA:58,1
DA:59,1
DA:61,1
DA:62,1
DA:63,1
DA:64,1
DA:65,1
DA:66,1
DA:67,1
DA:68,1
DA:71,1
DA:72,1
DA:73,1
DA:74,1
DA:75,1
DA:76,1
DA:77,1
DA:78,1
DA:80,1
DA:81,1
DA:82,1
DA:83,1
DA:84,1
DA:85,1
DA:86,1
DA:90,1
DA:91,1
DA:92,1
DA:93,1
DA:95,1
DA:96,1
DA:99,1
DA:100,1
DA:101,1
DA:102,1
DA:104,1
DA:105,1
DA:108,1
DA:109,1
DA:110,1
DA:114,1
DA:115,1
DA:119,1
DA:120,1
DA:121,3
DA:124,1
DA:125,1
DA:126,1
DA:127,1
DA:128,1
DA:129,1
DA:130,1
DA:132,1
DA:133,1
DA:134,1
DA:135,1
DA:136,1
DA:137,1
DA:138,1
DA:140,1
DA:141,1
DA:142,1
DA:143,1
DA:144,1
DA:150,1
DA:151,1
DA:154,1
DA:155,1
DA:158,1
DA:160,1
DA:163,1
DA:166,1
DA:167,1
DA:171,1
DA:172,1
DA:173,1
DA:175,1
DA:178,1
DA:179,2
DA:180,1
DA:181,4
DA:184,1
DA:187,1
DA:190,1
DA:192,1
DA:195,1
DA:196,1
DA:198,1
DA:199,1
DA:202,2
DA:206,2
DA:210,1
DA:212,1
DA:215,1
DA:218,0
DA:222,0
DA:226,0
DA:230,1
DA:231,0
DA:234,1
DA:237,1
DA:241,1
DA:244,1
LF:150
LH:146
BRDA:121,0,0,2
BRDA:121,0,1,1
BRF:2
BRH:2
end_of_record
TN:
SF:C:\Repo\Github\pointfree-js\test\unit\groups\groups.spec.js
FN:3,_testGroups
FN:4,_testSumGroup
FN:5,_testSumConcatOnValues
FN:24,_testSameValueViaPlusOperator
FN:43,_testSumGroupRevert
FN:77,_testSumGroupInvertedConcatenation
FN:112,_testSumGroupConcatAll
FN:134,_testSumGroupInverseConcatAll
FN:156,_testSumGroupEmptyConcatenation
FN:200,_testSumGroupToString
FN:220,_testSumGroupRestrictedWrites
FN:223,_writeToDot_value
FN:224,_writeToDotValue
FN:225,_writeToDot_prev
FN:226,_writeToDotPrevious
FN:230,_testMultGroup
FN:231,_testMultConcatOnValues
FN:250,_testSameValueViaMultiplyOperator
FN:269,_testMultGroupRevert
FN:303,_testMultGroupInvertedConcatenation
FN:338,_testMultGroupConcatAll
FN:360,_testMultGroupInverseConcatAll
FN:382,_testMultGroupEmptyConcatenation
FN:426,_testMultGroupToString
FN:446,_testMultGroupRestrictedWrites
FN:449,_writeToDot_value
FN:450,_writeToDotValue
FN:451,_writeToDot_prev
FN:452,_writeToDotPrevious
FN:456,_testXorGroup
FN:457,_testXorConcatOnValues
FN:476,_testSameValueViaBitwiseXorOperator
FN:494,_testXorGroupRevert
FN:528,_testSumGroupConcatAll
FN:550,_testSumGroupInverseConcatAll
FN:572,_testSumGroupEmptyConcatenation
FN:616,_testSumGroupToString
FN:636,_testSumGroupRestrictedWrites
FN:639,_writeToDot_value
FN:640,_writeToDotValue
FN:641,_writeToDot_prev
FN:642,_writeToDotPrevious
FNF:42
FNH:42
FNDA:1,_testGroups
FNDA:1,_testSumGroup
FNDA:1,_testSumConcatOnValues
FNDA:1,_testSameValueViaPlusOperator
FNDA:1,_testSumGroupRevert
FNDA:1,_testSumGroupInvertedConcatenation
FNDA:1,_testSumGroupConcatAll
FNDA:1,_testSumGroupInverseConcatAll
FNDA:1,_testSumGroupEmptyConcatenation
FNDA:1,_testSumGroupToString
FNDA:1,_testSumGroupRestrictedWrites
FNDA:1,_writeToDot_value
FNDA:1,_writeToDotValue
FNDA:1,_writeToDot_prev
FNDA:1,_writeToDotPrevious
FNDA:1,_testMultGroup
FNDA:1,_testMultConcatOnValues
FNDA:1,_testSameValueViaMultiplyOperator
FNDA:1,_testMultGroupRevert
FNDA:1,_testMultGroupInvertedConcatenation
FNDA:1,_testMultGroupConcatAll
FNDA:1,_testMultGroupInverseConcatAll
FNDA:1,_testMultGroupEmptyConcatenation
FNDA:1,_testMultGroupToString
FNDA:1,_testMultGroupRestrictedWrites
FNDA:1,_writeToDot_value
FNDA:1,_writeToDotValue
FNDA:1,_writeToDot_prev
FNDA:1,_writeToDotPrevious
FNDA:1,_testXorGroup
FNDA:1,_testXorConcatOnValues
FNDA:1,_testSameValueViaBitwiseXorOperator
FNDA:1,_testXorGroupRevert
FNDA:1,_testSumGroupConcatAll
FNDA:1,_testSumGroupInverseConcatAll
FNDA:1,_testSumGroupEmptyConcatenation
FNDA:1,_testSumGroupToString
FNDA:1,_testSumGroupRestrictedWrites
FNDA:1,_writeToDot_value
FNDA:1,_writeToDotValue
FNDA:1,_writeToDot_prev
FNDA:1,_writeToDotPrevious
DA:3,1
DA:4,1
DA:5,1
DA:6,1
DA:7,1
DA:8,1
DA:9,1
DA:11,1
DA:12,1
DA:13,1
DA:15,1
DA:16,1
DA:18,1
DA:21,1
DA:24,1
DA:25,1
DA:26,1
DA:27,1
DA:28,1
DA:30,1
DA:31,1
DA:32,1
DA:34,1
DA:35,1
DA:37,1
DA:40,1
DA:43,1
DA:44,1
DA:45,1
DA:46,1
DA:47,1
DA:49,1
DA:50,1
DA:51,1
DA:53,1
DA:54,1
DA:55,1
DA:57,1
DA:58,1
DA:60,1
DA:61,1
DA:63,1
DA:65,1
DA:67,1
DA:68,1
DA:70,1
DA:71,1
DA:73,1
DA:74,1
DA:77,1
DA:78,1
DA:79,1
DA:80,1
DA:81,1
DA:83,1
DA:84,1
DA:85,1
DA:87,1
DA:88,1
DA:89,1
DA:91,1
DA:92,1
DA:93,1
DA:95,1
DA:96,1
DA:98,1
DA:99,1
DA:101,1
DA:102,1
DA:104,1
DA:106,1
DA:107,1
DA:109,1
DA:112,1
DA:113,1
DA:114,1
DA:115,1
DA:116,1
DA:118,1
DA:119,1
DA:120,1
DA:121,1
DA:123,1
DA:124,1
DA:125,1
DA:126,1
DA:128,1
DA:129,1
DA:130,1
DA:131,1
DA:134,1
DA:135,1
DA:136,1
DA:137,1
DA:138,1
DA:140,1
DA:141,1
DA:142,1
DA:143,1
DA:145,1
DA:146,1
DA:147,1
DA:148,1
DA:150,1
DA:151,1
DA:152,1
DA:153,1
DA:156,1
DA:157,1
DA:158,1
DA:159,1
DA:160,1
DA:161,1
DA:162,1
DA:164,1
DA:165,1
DA:167,1
DA:168,1
DA:169,1
DA:170,1
DA:172,1
DA:173,1
DA:174,1
DA:175,1
DA:177,1
DA:178,1
DA:179,1
DA:181,1
DA:182,1
DA:184,1
DA:185,1
DA:187,1
DA:188,1
DA:190,1
DA:191,1
DA:193,1
DA:194,1
DA:196,1
DA:197,1
DA:200,1
DA:201,1
DA:202,1
DA:203,1
DA:204,1
DA:205,1
DA:206,1
DA:208,1
DA:209,1
DA:210,1
DA:211,1
DA:212,1
DA:213,1
DA:215,1
DA:216,1
DA:217,1
DA:220,1
DA:221,1
DA:223,1
DA:224,1
DA:225,1
DA:226,1
DA:230,1
DA:231,1
DA:232,1
DA:233,1
DA:234,1
DA:235,1
DA:237,1
DA:238,1
DA:239,1
DA:241,1
DA:242,1
DA:244,1
DA:247,1
DA:250,1
DA:251,1
DA:252,1
DA:253,1
DA:254,1
DA:256,1
DA:257,1
DA:258,1
DA:260,1
DA:261,1
DA:263,1
DA:266,1
DA:269,1
DA:270,1
DA:271,1
DA:272,1
DA:273,1
DA:275,1
DA:276,1
DA:277,1
DA:279,1
DA:280,1
DA:281,1
DA:283,1
DA:284,1
DA:286,1
DA:287,1
DA:289,1
DA:291,1
DA:293,1
DA:294,1
DA:296,1
DA:297,1
DA:299,1
DA:300,1
DA:303,1
DA:304,1
DA:305,1
DA:306,1
DA:307,1
DA:309,1
DA:310,1
DA:311,1
DA:313,1
DA:314,1
DA:315,1
DA:317,1
DA:318,1
DA:319,1
DA:321,1
DA:322,1
DA:324,1
DA:325,1
DA:327,1
DA:328,1
DA:330,1
DA:332,1
DA:333,1
DA:335,1
DA:338,1
DA:339,1
DA:340,1
DA:341,1
DA:342,1
DA:344,1
DA:345,1
DA:346,1
DA:347,1
DA:349,1
DA:350,1
DA:351,1
DA:352,1
DA:354,1
DA:355,1
DA:356,1
DA:357,1
DA:360,1
DA:361,1
DA:362,1
DA:363,1
DA:364,1
DA:366,1
DA:367,1
DA:368,1
DA:369,1
DA:371,1
DA:372,1
DA:373,1
DA:374,1
DA:376,1
DA:377,1
DA:378,1
DA:379,1
DA:382,1
DA:383,1
DA:384,1
DA:385,1
DA:386,1
DA:387,1
DA:388,1
DA:390,1
DA:391,1
DA:393,1
DA:394,1
DA:395,1
DA:396,1
DA:398,1
DA:399,1
DA:400,1
DA:401,1
DA:403,1
DA:404,1
DA:405,1
DA:407,1
DA:408,1
DA:410,1
DA:411,1
DA:413,1
DA:414,1
DA:416,1
DA:417,1
DA:419,1
DA:420,1
DA:422,1
DA:423,1
DA:426,1
DA:427,1
DA:428,1
DA:429,1
DA:430,1
DA:431,1
DA:432,1
DA:434,1
DA:435,1
DA:436,1
DA:437,1
DA:438,1
DA:439,1
DA:441,1
DA:442,1
DA:443,1
DA:446,1
DA:447,1
DA:449,1
DA:450,1
DA:451,1
DA:452,1
DA:456,1
DA:457,1
DA:458,1
DA:459,1
DA:460,1
DA:461,1
DA:463,1
DA:464,1
DA:465,1
DA:467,1
DA:468,1
DA:470,1
DA:473,1
DA:476,1
DA:477,1
DA:478,1
DA:479,1
DA:480,1
DA:482,1
DA:483,1
DA:485,1
DA:486,1
DA:488,1
DA:491,1
DA:494,1
DA:495,1
DA:496,1
DA:497,1
DA:498,1
DA:500,1
DA:501,1
DA:502,1
DA:504,1
DA:505,1
DA:506,1
DA:508,1
DA:509,1
DA:511,1
DA:512,1
DA:514,1
DA:516,1
DA:518,1
DA:519,1
DA:521,1
DA:522,1
DA:524,1
DA:525,1
DA:528,1
DA:529,1
DA:530,1
DA:531,1
DA:532,1
DA:534,1
DA:535,1
DA:536,1
DA:537,1
DA:539,1
DA:540,1
DA:541,1
DA:542,1
DA:544,1
DA:545,1
DA:546,1
DA:547,1
DA:550,1
DA:551,1
DA:552,1
DA:553,1
DA:554,1
DA:556,1
DA:557,1
DA:558,1
DA:559,1
DA:561,1
DA:562,1
DA:563,1
DA:564,1
DA:566,1
DA:567,1
DA:568,1
DA:569,1
DA:572,1
DA:573,1
DA:574,1
DA:575,1
DA:576,1
DA:577,1
DA:578,1
DA:580,1
DA:581,1
DA:583,1
DA:584,1
DA:585,1
DA:586,1
DA:588,1
DA:589,1
DA:590,1
DA:591,1
DA:593,1
DA:594,1
DA:595,1
DA:597,1
DA:598,1
DA:600,1
DA:601,1
DA:603,1
DA:604,1
DA:606,1
DA:607,1
DA:609,1
DA:610,1
DA:612,1
DA:613,1
DA:616,1
DA:617,1
DA:618,1
DA:619,1
DA:620,1
DA:621,1
DA:622,1
DA:624,1
DA:625,1
DA:626,1
DA:627,1
DA:628,1
DA:629,1
DA:631,1
DA:632,1
DA:633,1
DA:636,1
DA:637,1
DA:639,1
DA:640,1
DA:641,1
DA:642,1
LF:456
LH:456
BRDA:491,0,0,1
BRDA:491,0,1,1
BRDA:491,0,2,1
BRDA:491,1,0,1
BRDA:491,1,1,1
BRDA:491,1,2,1
BRF:6
BRH:6
end_of_record
TN:
SF:C:\Repo\Github\pointfree-js\test\unit\streams\observable.spec.js
FN:3,_testObservable
FN:4,noop
FN:5,_testObservableFromStar
FN:12,_testObservableOperators
FN:26,_testObservableOperationChaining
FN:35,_testObservableList
FN:40,_mapList
FN:43,(anonymous_7)
FN:44,(anonymous_8)
FN:45,_complete
FNF:10
FNH:8
FNDA:1,_testObservable
FNDA:0,noop
FNDA:1,_testObservableFromStar
FNDA:1,_testObservableOperators
FNDA:1,_testObservableOperationChaining
FNDA:1,_testObservableList
FNDA:5,_mapList
FNDA:5,(anonymous_7)
FNDA:0,(anonymous_8)
FNDA:1,_complete
DA:3,1
DA:5,1
DA:6,1
DA:7,1
DA:8,1
DA:9,1
DA:12,1
DA:13,1
DA:15,1
DA:16,1
DA:17,1
DA:18,1
DA:19,1
DA:20,1
DA:21,1
DA:22,1
DA:23,1
DA:26,1
DA:27,1
DA:35,1
DA:36,1
DA:37,1
DA:39,1
DA:41,5
DA:43,5
DA:44,0
DA:46,1
DA:47,1
LF:28
LH:27
BRF:0
BRH:0
end_of_record
